This is pdfTeX, Version 3.14159265-2.6-1.40.17 (MiKTeX 2.9 64-bit) (preloaded format=pdflatex 2016.10.17)  15 MAR 2017 12:10
entering extended mode
**./DissertationMain.tex
(DissertationMain.tex
LaTeX2e <2016/03/31> patch level 3
Babel <3.9r> and hyphenation patterns for 75 language(s) loaded.
("C:\Users\Jack\AppData\Local\Programs\MiKTeX 2.9\tex\latex\base\article.cls"
Document Class: article 2014/09/29 v1.4h Standard LaTeX document class
("C:\Users\Jack\AppData\Local\Programs\MiKTeX 2.9\tex\latex\base\size10.clo"
File: size10.clo 2014/09/29 v1.4h Standard LaTeX file (size option)
)
\c@part=\count79
\c@section=\count80
\c@subsection=\count81
\c@subsubsection=\count82
\c@paragraph=\count83
\c@subparagraph=\count84
\c@figure=\count85
\c@table=\count86
\abovecaptionskip=\skip41
\belowcaptionskip=\skip42
\bibindent=\dimen102
)
("C:\Users\Jack\AppData\Local\Programs\MiKTeX 2.9\tex\latex\comment\comment.sty
"
\CommentStream=\write3
 Excluding comment 'comment')
("C:\Users\Jack\AppData\Local\Programs\MiKTeX 2.9\tex\latex\preprint\fullpage.s
ty"
Package: fullpage 1999/02/23 1.1 (PWD)
\FP@margin=\skip43
)
("C:\Users\Jack\AppData\Local\Programs\MiKTeX 2.9\tex\latex\graphics\graphicx.s
ty"
Package: graphicx 2014/10/28 v1.0g Enhanced LaTeX Graphics (DPC,SPQR)

("C:\Users\Jack\AppData\Local\Programs\MiKTeX 2.9\tex\latex\graphics\keyval.sty
"
Package: keyval 2014/10/28 v1.15 key=value parser (DPC)
\KV@toks@=\toks14
)
("C:\Users\Jack\AppData\Local\Programs\MiKTeX 2.9\tex\latex\graphics\graphics.s
ty"
Package: graphics 2016/07/10 v1.0t Standard LaTeX Graphics (DPC,SPQR)

("C:\Users\Jack\AppData\Local\Programs\MiKTeX 2.9\tex\latex\graphics\trig.sty"
Package: trig 2016/01/03 v1.10 sin cos tan (DPC)
)
("C:\Users\Jack\AppData\Local\Programs\MiKTeX 2.9\tex\latex\00miktex\graphics.c
fg"
File: graphics.cfg 2016/06/04 v1.11 sample graphics configuration
)
Package graphics Info: Driver file: pdftex.def on input line 99.

("C:\Users\Jack\AppData\Local\Programs\MiKTeX 2.9\tex\latex\graphics-def\pdftex
.def"
File: pdftex.def 2016/07/10 v0.06j Graphics/color for pdfTeX

("C:\Users\Jack\AppData\Local\Programs\MiKTeX 2.9\tex\generic\oberdiek\infwarer
r.sty"
Package: infwarerr 2016/05/16 v1.4 Providing info/warning/error messages (HO)
)
("C:\Users\Jack\AppData\Local\Programs\MiKTeX 2.9\tex\generic\oberdiek\ltxcmds.
sty"
Package: ltxcmds 2016/05/16 v1.23 LaTeX kernel commands for general use (HO)
)
\Gread@gobject=\count87
))
\Gin@req@height=\dimen103
\Gin@req@width=\dimen104
)
("C:\Users\Jack\AppData\Local\Programs\MiKTeX 2.9\tex\latex\oberdiek\pdflscape.
sty"
Package: pdflscape 2016/05/14 v0.11 Display of landscape pages in PDF (HO)

("C:\Users\Jack\AppData\Local\Programs\MiKTeX 2.9\tex\latex\graphics\lscape.sty
"
Package: lscape 2000/10/22 v3.01 Landscape Pages (DPC)
)
("C:\Users\Jack\AppData\Local\Programs\MiKTeX 2.9\tex\generic\oberdiek\ifpdf.st
y"
Package: ifpdf 2016/05/14 v3.1 Provides the ifpdf switch
)
Package pdflscape Info: Auto-detected driver: pdftex on input line 81.

("C:\Users\Jack\AppData\Local\Programs\MiKTeX 2.9\tex\generic\ifxetex\ifxetex.s
ty"
Package: ifxetex 2010/09/12 v0.6 Provides ifxetex conditional
))
("C:\Users\Jack\AppData\Local\Programs\MiKTeX 2.9\tex\latex\wrapfig\wrapfig.sty
"
\wrapoverhang=\dimen105
\WF@size=\dimen106
\c@WF@wrappedlines=\count88
\WF@box=\box26
\WF@everypar=\toks15
Package: wrapfig 2003/01/31  v 3.6
) ("C:\Users\Jack\AppData\Local\Programs\MiKTeX 2.9\tex\latex\was\gensymb.sty"
Package: gensymb 2003/07/02 v1.0 (WaS)
) ("C:\Users\Jack\AppData\Local\Programs\MiKTeX 2.9\tex\latex\base\inputenc.sty
"
Package: inputenc 2015/03/17 v1.2c Input encoding file
\inpenc@prehook=\toks16
\inpenc@posthook=\toks17
 ("C:\Users\Jack\AppData\Local\Programs\MiKTeX 2.9\tex\latex\base\utf8.def"
File: utf8.def 2016/02/28 v1.1s UTF-8 support for inputenc
Now handling font encoding OML ...
... no UTF-8 mapping file for font encoding OML
Now handling font encoding T1 ...
... processing UTF-8 mapping file for font encoding T1

("C:\Users\Jack\AppData\Local\Programs\MiKTeX 2.9\tex\latex\base\t1enc.dfu"
File: t1enc.dfu 2016/02/28 v1.1s UTF-8 support for inputenc
   defining Unicode char U+00A0 (decimal 160)
   defining Unicode char U+00A1 (decimal 161)
   defining Unicode char U+00A3 (decimal 163)
   defining Unicode char U+00AB (decimal 171)
   defining Unicode char U+00AD (decimal 173)
   defining Unicode char U+00BB (decimal 187)
   defining Unicode char U+00BF (decimal 191)
   defining Unicode char U+00C0 (decimal 192)
   defining Unicode char U+00C1 (decimal 193)
   defining Unicode char U+00C2 (decimal 194)
   defining Unicode char U+00C3 (decimal 195)
   defining Unicode char U+00C4 (decimal 196)
   defining Unicode char U+00C5 (decimal 197)
   defining Unicode char U+00C6 (decimal 198)
   defining Unicode char U+00C7 (decimal 199)
   defining Unicode char U+00C8 (decimal 200)
   defining Unicode char U+00C9 (decimal 201)
   defining Unicode char U+00CA (decimal 202)
   defining Unicode char U+00CB (decimal 203)
   defining Unicode char U+00CC (decimal 204)
   defining Unicode char U+00CD (decimal 205)
   defining Unicode char U+00CE (decimal 206)
   defining Unicode char U+00CF (decimal 207)
   defining Unicode char U+00D0 (decimal 208)
   defining Unicode char U+00D1 (decimal 209)
   defining Unicode char U+00D2 (decimal 210)
   defining Unicode char U+00D3 (decimal 211)
   defining Unicode char U+00D4 (decimal 212)
   defining Unicode char U+00D5 (decimal 213)
   defining Unicode char U+00D6 (decimal 214)
   defining Unicode char U+00D8 (decimal 216)
   defining Unicode char U+00D9 (decimal 217)
   defining Unicode char U+00DA (decimal 218)
   defining Unicode char U+00DB (decimal 219)
   defining Unicode char U+00DC (decimal 220)
   defining Unicode char U+00DD (decimal 221)
   defining Unicode char U+00DE (decimal 222)
   defining Unicode char U+00DF (decimal 223)
   defining Unicode char U+00E0 (decimal 224)
   defining Unicode char U+00E1 (decimal 225)
   defining Unicode char U+00E2 (decimal 226)
   defining Unicode char U+00E3 (decimal 227)
   defining Unicode char U+00E4 (decimal 228)
   defining Unicode char U+00E5 (decimal 229)
   defining Unicode char U+00E6 (decimal 230)
   defining Unicode char U+00E7 (decimal 231)
   defining Unicode char U+00E8 (decimal 232)
   defining Unicode char U+00E9 (decimal 233)
   defining Unicode char U+00EA (decimal 234)
   defining Unicode char U+00EB (decimal 235)
   defining Unicode char U+00EC (decimal 236)
   defining Unicode char U+00ED (decimal 237)
   defining Unicode char U+00EE (decimal 238)
   defining Unicode char U+00EF (decimal 239)
   defining Unicode char U+00F0 (decimal 240)
   defining Unicode char U+00F1 (decimal 241)
   defining Unicode char U+00F2 (decimal 242)
   defining Unicode char U+00F3 (decimal 243)
   defining Unicode char U+00F4 (decimal 244)
   defining Unicode char U+00F5 (decimal 245)
   defining Unicode char U+00F6 (decimal 246)
   defining Unicode char U+00F8 (decimal 248)
   defining Unicode char U+00F9 (decimal 249)
   defining Unicode char U+00FA (decimal 250)
   defining Unicode char U+00FB (decimal 251)
   defining Unicode char U+00FC (decimal 252)
   defining Unicode char U+00FD (decimal 253)
   defining Unicode char U+00FE (decimal 254)
   defining Unicode char U+00FF (decimal 255)
   defining Unicode char U+0100 (decimal 256)
   defining Unicode char U+0101 (decimal 257)
   defining Unicode char U+0102 (decimal 258)
   defining Unicode char U+0103 (decimal 259)
   defining Unicode char U+0104 (decimal 260)
   defining Unicode char U+0105 (decimal 261)
   defining Unicode char U+0106 (decimal 262)
   defining Unicode char U+0107 (decimal 263)
   defining Unicode char U+0108 (decimal 264)
   defining Unicode char U+0109 (decimal 265)
   defining Unicode char U+010A (decimal 266)
   defining Unicode char U+010B (decimal 267)
   defining Unicode char U+010C (decimal 268)
   defining Unicode char U+010D (decimal 269)
   defining Unicode char U+010E (decimal 270)
   defining Unicode char U+010F (decimal 271)
   defining Unicode char U+0110 (decimal 272)
   defining Unicode char U+0111 (decimal 273)
   defining Unicode char U+0112 (decimal 274)
   defining Unicode char U+0113 (decimal 275)
   defining Unicode char U+0114 (decimal 276)
   defining Unicode char U+0115 (decimal 277)
   defining Unicode char U+0116 (decimal 278)
   defining Unicode char U+0117 (decimal 279)
   defining Unicode char U+0118 (decimal 280)
   defining Unicode char U+0119 (decimal 281)
   defining Unicode char U+011A (decimal 282)
   defining Unicode char U+011B (decimal 283)
   defining Unicode char U+011C (decimal 284)
   defining Unicode char U+011D (decimal 285)
   defining Unicode char U+011E (decimal 286)
   defining Unicode char U+011F (decimal 287)
   defining Unicode char U+0120 (decimal 288)
   defining Unicode char U+0121 (decimal 289)
   defining Unicode char U+0122 (decimal 290)
   defining Unicode char U+0123 (decimal 291)
   defining Unicode char U+0124 (decimal 292)
   defining Unicode char U+0125 (decimal 293)
   defining Unicode char U+0128 (decimal 296)
   defining Unicode char U+0129 (decimal 297)
   defining Unicode char U+012A (decimal 298)
   defining Unicode char U+012B (decimal 299)
   defining Unicode char U+012C (decimal 300)
   defining Unicode char U+012D (decimal 301)
   defining Unicode char U+012E (decimal 302)
   defining Unicode char U+012F (decimal 303)
   defining Unicode char U+0130 (decimal 304)
   defining Unicode char U+0131 (decimal 305)
   defining Unicode char U+0132 (decimal 306)
   defining Unicode char U+0133 (decimal 307)
   defining Unicode char U+0134 (decimal 308)
   defining Unicode char U+0135 (decimal 309)
   defining Unicode char U+0136 (decimal 310)
   defining Unicode char U+0137 (decimal 311)
   defining Unicode char U+0139 (decimal 313)
   defining Unicode char U+013A (decimal 314)
   defining Unicode char U+013B (decimal 315)
   defining Unicode char U+013C (decimal 316)
   defining Unicode char U+013D (decimal 317)
   defining Unicode char U+013E (decimal 318)
   defining Unicode char U+0141 (decimal 321)
   defining Unicode char U+0142 (decimal 322)
   defining Unicode char U+0143 (decimal 323)
   defining Unicode char U+0144 (decimal 324)
   defining Unicode char U+0145 (decimal 325)
   defining Unicode char U+0146 (decimal 326)
   defining Unicode char U+0147 (decimal 327)
   defining Unicode char U+0148 (decimal 328)
   defining Unicode char U+014A (decimal 330)
   defining Unicode char U+014B (decimal 331)
   defining Unicode char U+014C (decimal 332)
   defining Unicode char U+014D (decimal 333)
   defining Unicode char U+014E (decimal 334)
   defining Unicode char U+014F (decimal 335)
   defining Unicode char U+0150 (decimal 336)
   defining Unicode char U+0151 (decimal 337)
   defining Unicode char U+0152 (decimal 338)
   defining Unicode char U+0153 (decimal 339)
   defining Unicode char U+0154 (decimal 340)
   defining Unicode char U+0155 (decimal 341)
   defining Unicode char U+0156 (decimal 342)
   defining Unicode char U+0157 (decimal 343)
   defining Unicode char U+0158 (decimal 344)
   defining Unicode char U+0159 (decimal 345)
   defining Unicode char U+015A (decimal 346)
   defining Unicode char U+015B (decimal 347)
   defining Unicode char U+015C (decimal 348)
   defining Unicode char U+015D (decimal 349)
   defining Unicode char U+015E (decimal 350)
   defining Unicode char U+015F (decimal 351)
   defining Unicode char U+0160 (decimal 352)
   defining Unicode char U+0161 (decimal 353)
   defining Unicode char U+0162 (decimal 354)
   defining Unicode char U+0163 (decimal 355)
   defining Unicode char U+0164 (decimal 356)
   defining Unicode char U+0165 (decimal 357)
   defining Unicode char U+0168 (decimal 360)
   defining Unicode char U+0169 (decimal 361)
   defining Unicode char U+016A (decimal 362)
   defining Unicode char U+016B (decimal 363)
   defining Unicode char U+016C (decimal 364)
   defining Unicode char U+016D (decimal 365)
   defining Unicode char U+016E (decimal 366)
   defining Unicode char U+016F (decimal 367)
   defining Unicode char U+0170 (decimal 368)
   defining Unicode char U+0171 (decimal 369)
   defining Unicode char U+0172 (decimal 370)
   defining Unicode char U+0173 (decimal 371)
   defining Unicode char U+0174 (decimal 372)
   defining Unicode char U+0175 (decimal 373)
   defining Unicode char U+0176 (decimal 374)
   defining Unicode char U+0177 (decimal 375)
   defining Unicode char U+0178 (decimal 376)
   defining Unicode char U+0179 (decimal 377)
   defining Unicode char U+017A (decimal 378)
   defining Unicode char U+017B (decimal 379)
   defining Unicode char U+017C (decimal 380)
   defining Unicode char U+017D (decimal 381)
   defining Unicode char U+017E (decimal 382)
   defining Unicode char U+01CD (decimal 461)
   defining Unicode char U+01CE (decimal 462)
   defining Unicode char U+01CF (decimal 463)
   defining Unicode char U+01D0 (decimal 464)
   defining Unicode char U+01D1 (decimal 465)
   defining Unicode char U+01D2 (decimal 466)
   defining Unicode char U+01D3 (decimal 467)
   defining Unicode char U+01D4 (decimal 468)
   defining Unicode char U+01E2 (decimal 482)
   defining Unicode char U+01E3 (decimal 483)
   defining Unicode char U+01E6 (decimal 486)
   defining Unicode char U+01E7 (decimal 487)
   defining Unicode char U+01E8 (decimal 488)
   defining Unicode char U+01E9 (decimal 489)
   defining Unicode char U+01EA (decimal 490)
   defining Unicode char U+01EB (decimal 491)
   defining Unicode char U+01F0 (decimal 496)
   defining Unicode char U+01F4 (decimal 500)
   defining Unicode char U+01F5 (decimal 501)
   defining Unicode char U+0218 (decimal 536)
   defining Unicode char U+0219 (decimal 537)
   defining Unicode char U+021A (decimal 538)
   defining Unicode char U+021B (decimal 539)
   defining Unicode char U+1E02 (decimal 7682)
   defining Unicode char U+1E03 (decimal 7683)
   defining Unicode char U+200C (decimal 8204)
   defining Unicode char U+2010 (decimal 8208)
   defining Unicode char U+2011 (decimal 8209)
   defining Unicode char U+2012 (decimal 8210)
   defining Unicode char U+2013 (decimal 8211)
   defining Unicode char U+2014 (decimal 8212)
   defining Unicode char U+2015 (decimal 8213)
   defining Unicode char U+2018 (decimal 8216)
   defining Unicode char U+2019 (decimal 8217)
   defining Unicode char U+201A (decimal 8218)
   defining Unicode char U+201C (decimal 8220)
   defining Unicode char U+201D (decimal 8221)
   defining Unicode char U+201E (decimal 8222)
   defining Unicode char U+2030 (decimal 8240)
   defining Unicode char U+2031 (decimal 8241)
   defining Unicode char U+2039 (decimal 8249)
   defining Unicode char U+203A (decimal 8250)
   defining Unicode char U+2423 (decimal 9251)
)
Now handling font encoding OT1 ...
... processing UTF-8 mapping file for font encoding OT1

("C:\Users\Jack\AppData\Local\Programs\MiKTeX 2.9\tex\latex\base\ot1enc.dfu"
File: ot1enc.dfu 2016/02/28 v1.1s UTF-8 support for inputenc
   defining Unicode char U+00A0 (decimal 160)
   defining Unicode char U+00A1 (decimal 161)
   defining Unicode char U+00A3 (decimal 163)
   defining Unicode char U+00AD (decimal 173)
   defining Unicode char U+00B8 (decimal 184)
   defining Unicode char U+00BF (decimal 191)
   defining Unicode char U+00C5 (decimal 197)
   defining Unicode char U+00C6 (decimal 198)
   defining Unicode char U+00D8 (decimal 216)
   defining Unicode char U+00DF (decimal 223)
   defining Unicode char U+00E6 (decimal 230)
   defining Unicode char U+00EC (decimal 236)
   defining Unicode char U+00ED (decimal 237)
   defining Unicode char U+00EE (decimal 238)
   defining Unicode char U+00EF (decimal 239)
   defining Unicode char U+00F8 (decimal 248)
   defining Unicode char U+0131 (decimal 305)
   defining Unicode char U+0141 (decimal 321)
   defining Unicode char U+0142 (decimal 322)
   defining Unicode char U+0152 (decimal 338)
   defining Unicode char U+0153 (decimal 339)
   defining Unicode char U+0174 (decimal 372)
   defining Unicode char U+0175 (decimal 373)
   defining Unicode char U+0176 (decimal 374)
   defining Unicode char U+0177 (decimal 375)
   defining Unicode char U+0218 (decimal 536)
   defining Unicode char U+0219 (decimal 537)
   defining Unicode char U+021A (decimal 538)
   defining Unicode char U+021B (decimal 539)
   defining Unicode char U+2013 (decimal 8211)
   defining Unicode char U+2014 (decimal 8212)
   defining Unicode char U+2018 (decimal 8216)
   defining Unicode char U+2019 (decimal 8217)
   defining Unicode char U+201C (decimal 8220)
   defining Unicode char U+201D (decimal 8221)
)
Now handling font encoding OMS ...
... processing UTF-8 mapping file for font encoding OMS

("C:\Users\Jack\AppData\Local\Programs\MiKTeX 2.9\tex\latex\base\omsenc.dfu"
File: omsenc.dfu 2016/02/28 v1.1s UTF-8 support for inputenc
   defining Unicode char U+00A7 (decimal 167)
   defining Unicode char U+00B6 (decimal 182)
   defining Unicode char U+00B7 (decimal 183)
   defining Unicode char U+2020 (decimal 8224)
   defining Unicode char U+2021 (decimal 8225)
   defining Unicode char U+2022 (decimal 8226)
)
Now handling font encoding OMX ...
... no UTF-8 mapping file for font encoding OMX
Now handling font encoding U ...
... no UTF-8 mapping file for font encoding U
   defining Unicode char U+00A9 (decimal 169)
   defining Unicode char U+00AA (decimal 170)
   defining Unicode char U+00AE (decimal 174)
   defining Unicode char U+00BA (decimal 186)
   defining Unicode char U+02C6 (decimal 710)
   defining Unicode char U+02DC (decimal 732)
   defining Unicode char U+200C (decimal 8204)
   defining Unicode char U+2026 (decimal 8230)
   defining Unicode char U+2122 (decimal 8482)
   defining Unicode char U+2423 (decimal 9251)
)) ("C:\Users\Jack\AppData\Local\Programs\MiKTeX 2.9\tex\latex\siunitx\siunitx.
sty"
("C:\Users\Jack\AppData\Local\Programs\MiKTeX 2.9\tex\latex\l3kernel\expl3.sty"
Package: expl3 2017/03/07 v6984 L3 programming layer (loader) 

("C:\Users\Jack\AppData\Local\Programs\MiKTeX 2.9\tex\latex\l3kernel\expl3-code
.tex"
Package: expl3 2017/03/07 v6984 L3 programming layer (code)
L3 Module: l3bootstrap 2016/12/28 v6805 L3 Bootstrap code
L3 Module: l3names 2017/02/19 v6962 L3 Namespace for primitives
L3 Module: l3basics 2017/02/14 v6929 L3 Basic definitions
L3 Module: l3expan 2017/02/20 v6967 L3 Argument expansion
L3 Module: l3tl 2017/02/20 v6967 L3 Token lists
L3 Module: l3str 2017/02/20 v6967 L3 Strings
L3 Module: l3seq 2017/02/20 v6967 L3 Sequences and stacks
L3 Module: l3int 2017/02/18 v6949 L3 Integers
\c_max_int=\count89
\l_tmpa_int=\count90
\l_tmpb_int=\count91
\g_tmpa_int=\count92
\g_tmpb_int=\count93
L3 Module: l3flag 2017/02/20 v6969 L3 Flags
L3 Module: l3quark 2017/02/17 v6947 L3 Quarks
L3 Module: l3prg 2017/02/12 v6906 L3 Control structures
\g__prg_map_int=\count94
L3 Module: l3clist 2017/02/20 v6967 L3 Comma separated lists
L3 Module: l3token 2017/02/20 v6967 L3 Experimental token manipulation
L3 Module: l3prop 2017/02/12 v6906 L3 Property lists
L3 Module: l3msg 2017/02/20 v6966 L3 Messages
L3 Module: l3file 2017/02/20 v6964 L3 File and I/O operations
\c_log_iow=\count95
\l_iow_line_count_int=\count96
\l__iow_line_target_int=\count97
\l__iow_one_indent_int=\count98
\l__iow_indent_int=\count99
L3 Module: l3skip 2017/02/20 v6968 L3 Dimensions and skips
\c_zero_dim=\dimen107
\c_max_dim=\dimen108
\l_tmpa_dim=\dimen109
\l_tmpb_dim=\dimen110
\g_tmpa_dim=\dimen111
\g_tmpb_dim=\dimen112
\c_zero_skip=\skip44
\c_max_skip=\skip45
\l_tmpa_skip=\skip46
\l_tmpb_skip=\skip47
\g_tmpa_skip=\skip48
\g_tmpb_skip=\skip49
\c_zero_muskip=\muskip10
\c_max_muskip=\muskip11
\l_tmpa_muskip=\muskip12
\l_tmpb_muskip=\muskip13
\g_tmpa_muskip=\muskip14
\g_tmpb_muskip=\muskip15
L3 Module: l3keys 2017/02/12 v6906 L3 Key-value interfaces
\l_keys_choice_int=\count100
L3 Module: l3fp 2017/02/14 v6923 L3 Floating points
\c__fp_leading_shift_int=\count101
\c__fp_middle_shift_int=\count102
\c__fp_trailing_shift_int=\count103
\c__fp_big_leading_shift_int=\count104
\c__fp_big_middle_shift_int=\count105
\c__fp_big_trailing_shift_int=\count106
\c__fp_Bigg_leading_shift_int=\count107
\c__fp_Bigg_middle_shift_int=\count108
\c__fp_Bigg_trailing_shift_int=\count109
\c__fp_rand_size_int=\count110
\c__fp_rand_four_int=\count111
\c__fp_rand_eight_int=\count112
L3 Module: l3sort 2017/02/20 v6967 L3 Sorting functions
\l__sort_length_int=\count113
\l__sort_min_int=\count114
\l__sort_top_int=\count115
\l__sort_max_int=\count116
\l__sort_true_max_int=\count117
\l__sort_block_int=\count118
\l__sort_begin_int=\count119
\l__sort_end_int=\count120
\l__sort_A_int=\count121
\l__sort_B_int=\count122
\l__sort_C_int=\count123
L3 Module: l3box 2017/02/17 v6943 L3 Experimental boxes
\c_empty_box=\box27
\l_tmpa_box=\box28
\l_tmpb_box=\box29
\g_tmpa_box=\box30
\g_tmpb_box=\box31
L3 Module: l3coffins 2017/02/12 v6906 L3 Coffin code layer
\l__coffin_internal_box=\box32
\l__coffin_internal_dim=\dimen113
\l__coffin_offset_x_dim=\dimen114
\l__coffin_offset_y_dim=\dimen115
\l__coffin_x_dim=\dimen116
\l__coffin_y_dim=\dimen117
\l__coffin_x_prime_dim=\dimen118
\l__coffin_y_prime_dim=\dimen119
\c_empty_coffin=\box33
\l__coffin_aligned_coffin=\box34
\l__coffin_aligned_internal_coffin=\box35
\l_tmpa_coffin=\box36
\l_tmpb_coffin=\box37
\l__coffin_display_coffin=\box38
\l__coffin_display_coord_coffin=\box39
\l__coffin_display_pole_coffin=\box40
\l__coffin_display_offset_dim=\dimen120
\l__coffin_display_x_dim=\dimen121
\l__coffin_display_y_dim=\dimen122
L3 Module: l3color 2016/12/28 v6805 L3 Experimental color support
L3 Module: l3sys 2017/02/22 v6976 L3 Experimental system/runtime functions
L3 Module: l3deprecation 2017/02/20 v6966 L3 Deprecation errors
L3 Module: l3candidates 2017/02/20 v6967 L3 Experimental additions to l3kernel
\l__box_top_dim=\dimen123
\l__box_bottom_dim=\dimen124
\l__box_left_dim=\dimen125
\l__box_right_dim=\dimen126
\l__box_top_new_dim=\dimen127
\l__box_bottom_new_dim=\dimen128
\l__box_left_new_dim=\dimen129
\l__box_right_new_dim=\dimen130
\l__box_internal_box=\box41
\l__coffin_bounding_shift_dim=\dimen131
\l__coffin_left_corner_dim=\dimen132
\l__coffin_right_corner_dim=\dimen133
\l__coffin_bottom_corner_dim=\dimen134
\l__coffin_top_corner_dim=\dimen135
\l__coffin_scaled_total_height_dim=\dimen136
\l__coffin_scaled_width_dim=\dimen137
L3 Module: l3luatex 2017/02/18 v6953 L3 Experimental LuaTeX-specific functions
)
("C:\Users\Jack\AppData\Local\Programs\MiKTeX 2.9\tex\latex\l3kernel\l3pdfmode.
def"
File: l3pdfmode.def 2017/02/18 v6953 L3 Experimental driver: PDF mode
\l__driver_color_stack_int=\count124
\l__driver_tmp_box=\box42
))
("C:\Users\Jack\AppData\Local\Programs\MiKTeX 2.9\tex\latex\l3packages\xparse\x
parse.sty"
Package: xparse 2017/03/07 v6984 L3 Experimental document command parser
\l__xparse_current_arg_int=\count125
\g__xparse_grabber_int=\count126
\l__xparse_m_args_int=\count127
\l__xparse_mandatory_args_int=\count128
\l__xparse_v_nesting_int=\count129
)
Package: siunitx 2017/03/06 v2.7e A comprehensive (SI) units package

("C:\Users\Jack\AppData\Local\Programs\MiKTeX 2.9\tex\latex\amsmath\amstext.sty
"
Package: amstext 2000/06/29 v2.01 AMS text
 ("C:\Users\Jack\AppData\Local\Programs\MiKTeX 2.9\tex\latex\amsmath\amsgen.sty
"
File: amsgen.sty 1999/11/30 v2.0 generic functions
\@emptytoks=\toks18
\ex@=\dimen138
)) ("C:\Users\Jack\AppData\Local\Programs\MiKTeX 2.9\tex\latex\tools\array.sty"
Package: array 2014/10/28 v2.4c Tabular extension package (FMi)
\col@sep=\dimen139
\extrarowheight=\dimen140
\NC@list=\toks19
\extratabsurround=\skip50
\backup@length=\skip51
)
("C:\Users\Jack\AppData\Local\Programs\MiKTeX 2.9\tex\latex\l3packages\l3keys2e
\l3keys2e.sty"
Package: l3keys2e 2017/03/07 v6984 LaTeX2e option processing using LaTeX3 keys
)
\l__siunitx_tmp_box=\box43
\l__siunitx_tmp_dim=\dimen141
\l__siunitx_tmp_int=\count130
\l__siunitx_number_mantissa_length_int=\count131
\l__siunitx_number_uncert_length_int=\count132
\l__siunitx_round_int=\count133
\l__siunitx_process_decimal_int=\count134
\l__siunitx_process_uncertainty_int=\count135
\l__siunitx_process_fixed_int=\count136
\l__siunitx_process_integer_min_int=\count137
\l__siunitx_process_precision_int=\count138
\l__siunitx_group_min_int=\count139
\l__siunitx_angle_marker_box=\box44
\l__siunitx_angle_unit_box=\box45
\l__siunitx_angle_marker_dim=\dimen142
\l__siunitx_angle_unit_dim=\dimen143
\l__siunitx_unit_int=\count140
\l__siunitx_unit_denominator_int=\count141
\l__siunitx_unit_numerator_int=\count142
\l__siunitx_unit_prefix_int=\count143
\l__siunitx_unit_prefix_base_int=\count144
\l__siunitx_unit_prefix_gram_int=\count145
\l__siunitx_number_product_int=\count146
\c__siunitx_one_fill_skip=\skip52
\l__siunitx_table_unit_align_skip=\skip53
\l__siunitx_table_exponent_dim=\dimen144
\l__siunitx_table_integer_dim=\dimen145
\l__siunitx_table_mantissa_dim=\dimen146
\l__siunitx_table_marker_dim=\dimen147
\l__siunitx_table_result_dim=\dimen148
\l__siunitx_table_uncert_dim=\dimen149
\l__siunitx_table_fill_pre_dim=\dimen150
\l__siunitx_table_fill_post_dim=\dimen151
\l__siunitx_table_fill_mid_dim=\dimen152
\l__siunitx_table_pre_box=\box46
\l__siunitx_table_post_box=\box47
\l__siunitx_table_mantissa_box=\box48
\l__siunitx_table_result_box=\box49
\l__siunitx_table_number_align_skip=\skip54
\l__siunitx_table_text_align_skip=\skip55
.................................................
. LaTeX info: "xparse/define-command"
. 
. Defining command \DeclareBinaryPrefix with sig. 'mmm' on line 7271.
.................................................
.................................................
. LaTeX info: "xparse/define-command"
. 
. Defining command \DeclareSIPostPower with sig. 'mm' on line 7274.
.................................................
.................................................
. LaTeX info: "xparse/define-command"
. 
. Defining command \DeclareSIPrefix with sig. 'mmm' on line 7277.
.................................................
.................................................
. LaTeX info: "xparse/define-command"
. 
. Defining command \DeclareSIPrePower with sig. 'mm' on line 7280.
.................................................
.................................................
. LaTeX info: "xparse/define-command"
. 
. Defining command \DeclareSIQualifier with sig. 'mm' on line 7283.
.................................................
.................................................
. LaTeX info: "xparse/define-command"
. 
. Defining command \DeclareSIUnit with sig. 'O{}mm' on line 7286.
.................................................
.................................................
. LaTeX info: "xparse/define-command"
. 
. Defining command \DeclareSIUnitWithOptions with sig. 'mmm' on line 7289.
.................................................
.................................................
. LaTeX info: "xparse/define-command"
. 
. Defining command \ang with sig. 'o>{\SplitArgument {2}{;}}m' on line 7304.
.................................................
.................................................
. LaTeX info: "xparse/define-command"
. 
. Defining command \num with sig. 'om' on line 7313.
.................................................
.................................................
. LaTeX info: "xparse/define-command"
. 
. Defining command \numlist with sig. 'o>{\SplitList {;}}m' on line 7322.
.................................................
.................................................
. LaTeX info: "xparse/define-command"
. 
. Defining command \numrange with sig. 'omm' on line 7331.
.................................................
.................................................
. LaTeX info: "xparse/define-command"
. 
. Defining command \SIlist with sig. 'o>{\SplitList {;}}mm' on line 7343.
.................................................
.................................................
. LaTeX info: "xparse/define-command"
. 
. Defining command \SIrange with sig. 'ommm' on line 7355.
.................................................
.................................................
. LaTeX info: "xparse/define-command"
. 
. Defining command \SI with sig. 'omom' on line 7367.
.................................................
.................................................
. LaTeX info: "xparse/define-command"
. 
. Defining command \sisetup with sig. 'm' on line 7370.
.................................................
.................................................
. LaTeX info: "xparse/define-command"
. 
. Defining command \tablenum with sig. 'om' on line 7385.
.................................................
.................................................
. LaTeX info: "xparse/define-command"
. 
. Defining command \si with sig. 'om' on line 7397.
.................................................
.................................................
. LaTeX info: "xparse/define-command"
. 
. Defining command \__siunitx_bookmark_num:w with sig. 'om' on line 7444.
.................................................
.................................................
. LaTeX info: "xparse/define-command"
. 
. Defining command \__siunitx_bookmark_numrange:w with sig. 'omm' on line
. 7446.
.................................................
.................................................
. LaTeX info: "xparse/define-command"
. 
. Defining command \__siunitx_bookmark_SI:w with sig. 'omom' on line 7448.
.................................................
.................................................
. LaTeX info: "xparse/define-command"
. 
. Defining command \__siunitx_bookmark_SIlist:w with sig. 'omm' on line 7450.
.................................................
.................................................
. LaTeX info: "xparse/define-command"
. 
. Defining command \__siunitx_bookmark_SIrange:w with sig. 'ommm' on line
. 7452.
.................................................
.................................................
. LaTeX info: "xparse/define-command"
. 
. Defining command \__siunitx_bookmark_si:w with sig. 'om' on line 7453.
.................................................
\g__file_internal_ior=\read1

("C:\Users\Jack\AppData\Local\Programs\MiKTeX 2.9\tex\latex\beamer\translator\t
ranslator.sty"
Package: translator 2010/06/12 ver 1.10

("C:\Users\Jack\AppData\Local\Programs\MiKTeX 2.9\tex\latex\beamer\translator\t
ranslator-language-mappings.tex")))
("C:\Users\Jack\AppData\Local\Programs\MiKTeX 2.9\tex\latex\amsfonts\amssymb.st
y"
Package: amssymb 2013/01/14 v3.01 AMS font symbols

("C:\Users\Jack\AppData\Local\Programs\MiKTeX 2.9\tex\latex\amsfonts\amsfonts.s
ty"
Package: amsfonts 2013/01/14 v3.01 Basic AMSFonts support
\symAMSa=\mathgroup4
\symAMSb=\mathgroup5
LaTeX Font Info:    Overwriting math alphabet `\mathfrak' in version `bold'
(Font)                  U/euf/m/n --> U/euf/b/n on input line 106.
))
("C:\Users\Jack\AppData\Local\Programs\MiKTeX 2.9\tex\latex\amsmath\amsmath.sty
"
Package: amsmath 2016/06/28 v2.15d AMS math features
\@mathmargin=\skip56

For additional information on amsmath, use the `?' option.
("C:\Users\Jack\AppData\Local\Programs\MiKTeX 2.9\tex\latex\amsmath\amsbsy.sty"
Package: amsbsy 1999/11/29 v1.2d Bold Symbols
\pmbraise@=\dimen153
) ("C:\Users\Jack\AppData\Local\Programs\MiKTeX 2.9\tex\latex\amsmath\amsopn.st
y"
Package: amsopn 2016/03/08 v2.02 operator names
)
\inf@bad=\count147
LaTeX Info: Redefining \frac on input line 199.
\uproot@=\count148
\leftroot@=\count149
LaTeX Info: Redefining \overline on input line 297.
\classnum@=\count150
\DOTSCASE@=\count151
LaTeX Info: Redefining \ldots on input line 394.
LaTeX Info: Redefining \dots on input line 397.
LaTeX Info: Redefining \cdots on input line 518.
\Mathstrutbox@=\box50
\strutbox@=\box51
\big@size=\dimen154
LaTeX Font Info:    Redeclaring font encoding OML on input line 634.
LaTeX Font Info:    Redeclaring font encoding OMS on input line 635.
\macc@depth=\count152
\c@MaxMatrixCols=\count153
\dotsspace@=\muskip16
\c@parentequation=\count154
\dspbrk@lvl=\count155
\tag@help=\toks20
\row@=\count156
\column@=\count157
\maxfields@=\count158
\andhelp@=\toks21
\eqnshift@=\dimen155
\alignsep@=\dimen156
\tagshift@=\dimen157
\tagwidth@=\dimen158
\totwidth@=\dimen159
\lineht@=\dimen160
\@envbody=\toks22
\multlinegap=\skip57
\multlinetaggap=\skip58
\mathdisplay@stack=\toks23
LaTeX Info: Redefining \[ on input line 2739.
LaTeX Info: Redefining \] on input line 2740.
)
("C:\Users\Jack\AppData\Local\Programs\MiKTeX 2.9\tex\latex\enumitem\enumitem.s
ty"
Package: enumitem 2011/09/28 v3.5.2 Customized lists
\labelindent=\skip59
\enit@outerparindent=\dimen161
\enit@toks=\toks24
\enit@inbox=\box52
\enitdp@description=\count159
)
("C:\Users\Jack\AppData\Local\Programs\MiKTeX 2.9\tex\latex\caption\subcaption.
sty"
Package: subcaption 2016/05/22 v1.1-161 Sub-captions (AR)

("C:\Users\Jack\AppData\Local\Programs\MiKTeX 2.9\tex\latex\caption\caption.sty
"
Package: caption 2016/02/21 v3.3-144 Customizing captions (AR)

("C:\Users\Jack\AppData\Local\Programs\MiKTeX 2.9\tex\latex\caption\caption3.st
y"
Package: caption3 2016/05/22 v1.7-166 caption3 kernel (AR)
Package caption3 Info: TeX engine: e-TeX on input line 67.
\captionmargin=\dimen162
\captionmargin@=\dimen163
\captionwidth=\dimen164
\caption@tempdima=\dimen165
\caption@indent=\dimen166
\caption@parindent=\dimen167
\caption@hangindent=\dimen168
)
\c@ContinuedFloat=\count160
Package caption Info: wrapfig package is loaded.
)
\c@subfigure=\count161
\c@subtable=\count162
)
("C:\Users\Jack\AppData\Local\Programs\MiKTeX 2.9\tex\latex\base\fontenc.sty"
Package: fontenc 2016/06/19 v1.99m Standard LaTeX package

("C:\Users\Jack\AppData\Local\Programs\MiKTeX 2.9\tex\latex\base\t1enc.def"
File: t1enc.def 2016/06/19 v1.99m Standard LaTeX file
LaTeX Font Info:    Redeclaring font encoding T1 on input line 48.
))
("C:\Users\Jack\AppData\Local\Programs\MiKTeX 2.9\tex\latex\xcolor\xcolor.sty"
Package: xcolor 2016/05/11 v2.12 LaTeX color extensions (UK)

("C:\Users\Jack\AppData\Local\Programs\MiKTeX 2.9\tex\latex\00miktex\color.cfg"
File: color.cfg 2016/01/02 v1.6 sample color configuration
)
Package xcolor Info: Driver file: pdftex.def on input line 225.
Package xcolor Info: Model `cmy' substituted by `cmy0' on input line 1348.
Package xcolor Info: Model `hsb' substituted by `rgb' on input line 1352.
Package xcolor Info: Model `RGB' extended on input line 1364.
Package xcolor Info: Model `HTML' substituted by `rgb' on input line 1366.
Package xcolor Info: Model `Hsb' substituted by `hsb' on input line 1367.
Package xcolor Info: Model `tHsb' substituted by `hsb' on input line 1368.
Package xcolor Info: Model `HSB' substituted by `hsb' on input line 1369.
Package xcolor Info: Model `Gray' substituted by `gray' on input line 1370.
Package xcolor Info: Model `wave' substituted by `hsb' on input line 1371.
)
("C:\Users\Jack\AppData\Local\Programs\MiKTeX 2.9\tex\latex\hyperref\hyperref.s
ty"
Package: hyperref 2016/06/24 v6.83q Hypertext links for LaTeX

("C:\Users\Jack\AppData\Local\Programs\MiKTeX 2.9\tex\generic\oberdiek\hobsub-h
yperref.sty"
Package: hobsub-hyperref 2016/05/16 v1.14 Bundle oberdiek, subset hyperref (HO)


("C:\Users\Jack\AppData\Local\Programs\MiKTeX 2.9\tex\generic\oberdiek\hobsub-g
eneric.sty"
Package: hobsub-generic 2016/05/16 v1.14 Bundle oberdiek, subset generic (HO)
Package: hobsub 2016/05/16 v1.14 Construct package bundles (HO)
Package hobsub Info: Skipping package `infwarerr' (already loaded).
Package hobsub Info: Skipping package `ltxcmds' (already loaded).
Package: ifluatex 2016/05/16 v1.4 Provides the ifluatex switch (HO)
Package ifluatex Info: LuaTeX not detected.
Package: ifvtex 2016/05/16 v1.6 Detect VTeX and its facilities (HO)
Package ifvtex Info: VTeX not detected.
Package: intcalc 2016/05/16 v1.2 Expandable calculations with integers (HO)
Package hobsub Info: Skipping package `ifpdf' (already loaded).
Package: etexcmds 2016/05/16 v1.6 Avoid name clashes with e-TeX commands (HO)
Package etexcmds Info: Could not find \expanded.
(etexcmds)             That can mean that you are not using pdfTeX 1.50 or
(etexcmds)             that some package has redefined \expanded.
(etexcmds)             In the latter case, load this package earlier.
Package: kvsetkeys 2016/05/16 v1.17 Key value parser (HO)
Package: kvdefinekeys 2016/05/16 v1.4 Define keys (HO)
Package: pdftexcmds 2016/05/21 v0.22 Utility functions of pdfTeX for LuaTeX (HO
)
Package pdftexcmds Info: LuaTeX not detected.
Package pdftexcmds Info: \pdf@primitive is available.
Package pdftexcmds Info: \pdf@ifprimitive is available.
Package pdftexcmds Info: \pdfdraftmode found.
Package: pdfescape 2016/05/16 v1.14 Implements pdfTeX's escape features (HO)
Package: bigintcalc 2016/05/16 v1.4 Expandable calculations on big integers (HO
)
Package: bitset 2016/05/16 v1.2 Handle bit-vector datatype (HO)
Package: uniquecounter 2016/05/16 v1.3 Provide unlimited unique counter (HO)
)
Package hobsub Info: Skipping package `hobsub' (already loaded).
Package: letltxmacro 2016/05/16 v1.5 Let assignment for LaTeX macros (HO)
Package: hopatch 2016/05/16 v1.3 Wrapper for package hooks (HO)
Package: xcolor-patch 2016/05/16 xcolor patch
Package: atveryend 2016/05/16 v1.9 Hooks at the very end of document (HO)
Package atveryend Info: \enddocument detected (standard20110627).
Package: atbegshi 2016/06/09 v1.18 At begin shipout hook (HO)
Package: refcount 2016/05/16 v3.5 Data extraction from label references (HO)
Package: hycolor 2016/05/16 v1.8 Color options for hyperref/bookmark (HO)
)
("C:\Users\Jack\AppData\Local\Programs\MiKTeX 2.9\tex\latex\oberdiek\auxhook.st
y"
Package: auxhook 2016/05/16 v1.4 Hooks for auxiliary files (HO)
)
("C:\Users\Jack\AppData\Local\Programs\MiKTeX 2.9\tex\latex\oberdiek\kvoptions.
sty"
Package: kvoptions 2016/05/16 v3.12 Key value format for package options (HO)
)
\@linkdim=\dimen169
\Hy@linkcounter=\count163
\Hy@pagecounter=\count164

("C:\Users\Jack\AppData\Local\Programs\MiKTeX 2.9\tex\latex\hyperref\pd1enc.def
"
File: pd1enc.def 2016/06/24 v6.83q Hyperref: PDFDocEncoding definition (HO)
Now handling font encoding PD1 ...
... no UTF-8 mapping file for font encoding PD1
)
\Hy@SavedSpaceFactor=\count165

("C:\Users\Jack\AppData\Local\Programs\MiKTeX 2.9\tex\latex\00miktex\hyperref.c
fg"
File: hyperref.cfg 2002/06/06 v1.2 hyperref configuration of TeXLive
)
Package hyperref Info: Hyper figures OFF on input line 4486.
Package hyperref Info: Link nesting OFF on input line 4491.
Package hyperref Info: Hyper index ON on input line 4494.
Package hyperref Info: Plain pages OFF on input line 4501.
Package hyperref Info: Backreferencing OFF on input line 4506.
Package hyperref Info: Implicit mode ON; LaTeX internals redefined.
Package hyperref Info: Bookmarks ON on input line 4735.
\c@Hy@tempcnt=\count166
 ("C:\Users\Jack\AppData\Local\Programs\MiKTeX 2.9\tex\latex\url\url.sty"
\Urlmuskip=\muskip17
Package: url 2013/09/16  ver 3.4  Verb mode for urls, etc.
)
LaTeX Info: Redefining \url on input line 5088.
\XeTeXLinkMargin=\dimen170
\Fld@menulength=\count167
\Field@Width=\dimen171
\Fld@charsize=\dimen172
Package hyperref Info: Hyper figures OFF on input line 6342.
Package hyperref Info: Link nesting OFF on input line 6347.
Package hyperref Info: Hyper index ON on input line 6350.
Package hyperref Info: backreferencing OFF on input line 6357.
Package hyperref Info: Link coloring OFF on input line 6362.
Package hyperref Info: Link coloring with OCG OFF on input line 6367.
Package hyperref Info: PDF/A mode OFF on input line 6372.
LaTeX Info: Redefining \ref on input line 6412.
LaTeX Info: Redefining \pageref on input line 6416.
\Hy@abspage=\count168
\c@Item=\count169
\c@Hfootnote=\count170
)

Package hyperref Message: Driver (autodetected): hpdftex.


("C:\Users\Jack\AppData\Local\Programs\MiKTeX 2.9\tex\latex\hyperref\hpdftex.de
f"
File: hpdftex.def 2016/06/24 v6.83q Hyperref driver for pdfTeX
\Fld@listcount=\count171
\c@bookmark@seq@number=\count172

("C:\Users\Jack\AppData\Local\Programs\MiKTeX 2.9\tex\latex\oberdiek\rerunfilec
heck.sty"
Package: rerunfilecheck 2016/05/16 v1.8 Rerun checks for auxiliary files (HO)
Package uniquecounter Info: New unique counter `rerunfilecheck' on input line 2
82.
)
\Hy@SectionHShift=\skip60
)
Package hyperref Info: Option `colorlinks' set `true' on input line 41.
 (DissertationMain.aux (Introduction.aux)
(MotivationAndBackground.aux) (RelatedWork.aux) (DescriptionOfWork.aux)
(SystemDesign.aux

LaTeX Warning: Label `fig:sub1' multiply defined.


LaTeX Warning: Label `sub@fig:sub1' multiply defined.


LaTeX Warning: Label `fig:sub2' multiply defined.


LaTeX Warning: Label `sub@fig:sub2' multiply defined.


LaTeX Warning: Label `fig:test' multiply defined.


LaTeX Warning: Label `fig:h-refinementImp' multiply defined.

) (Implementation.aux

LaTeX Warning: Label `fig:h-refinementImp' multiply defined.

) (Evaluation.aux

LaTeX Warning: Label `fig:h-refinementImp' multiply defined.


LaTeX Warning: Label `fig:sub1' multiply defined.


LaTeX Warning: Label `sub@fig:sub1' multiply defined.


LaTeX Warning: Label `fig:sub2' multiply defined.


LaTeX Warning: Label `sub@fig:sub2' multiply defined.


LaTeX Warning: Label `fig:test' multiply defined.


LaTeX Warning: Label `fig:sub1' multiply defined.


LaTeX Warning: Label `sub@fig:sub1' multiply defined.


LaTeX Warning: Label `fig:sub2' multiply defined.


LaTeX Warning: Label `sub@fig:sub2' multiply defined.


LaTeX Warning: Label `fig:test' multiply defined.


LaTeX Warning: Label `fig:sub1' multiply defined.


LaTeX Warning: Label `sub@fig:sub1' multiply defined.


LaTeX Warning: Label `fig:test' multiply defined.

) (FurtherWorkAndReferences.aux

LaTeX Warning: Label `fig:sub1' multiply defined.


LaTeX Warning: Label `sub@fig:sub1' multiply defined.


LaTeX Warning: Label `fig:sub2' multiply defined.


LaTeX Warning: Label `sub@fig:sub2' multiply defined.


LaTeX Warning: Label `fig:test' multiply defined.


LaTeX Warning: Label `fig:sub1' multiply defined.


LaTeX Warning: Label `sub@fig:sub1' multiply defined.


LaTeX Warning: Label `fig:sub2' multiply defined.


LaTeX Warning: Label `sub@fig:sub2' multiply defined.


LaTeX Warning: Label `fig:test' multiply defined.


LaTeX Warning: Label `fig:sub1' multiply defined.


LaTeX Warning: Label `sub@fig:sub1' multiply defined.


LaTeX Warning: Label `fig:sub2' multiply defined.


LaTeX Warning: Label `sub@fig:sub2' multiply defined.


LaTeX Warning: Label `fig:test' multiply defined.


LaTeX Warning: Label `fig:sub1' multiply defined.


LaTeX Warning: Label `sub@fig:sub1' multiply defined.


LaTeX Warning: Label `fig:sub2' multiply defined.


LaTeX Warning: Label `sub@fig:sub2' multiply defined.


LaTeX Warning: Label `fig:test' multiply defined.

))
\openout1 = `DissertationMain.aux'.

LaTeX Font Info:    Checking defaults for OML/cmm/m/it on input line 49.
LaTeX Font Info:    ... okay on input line 49.
LaTeX Font Info:    Checking defaults for T1/cmr/m/n on input line 49.
LaTeX Font Info:    ... okay on input line 49.
LaTeX Font Info:    Checking defaults for OT1/cmr/m/n on input line 49.
LaTeX Font Info:    ... okay on input line 49.
LaTeX Font Info:    Checking defaults for OMS/cmsy/m/n on input line 49.
LaTeX Font Info:    ... okay on input line 49.
LaTeX Font Info:    Checking defaults for OMX/cmex/m/n on input line 49.
LaTeX Font Info:    ... okay on input line 49.
LaTeX Font Info:    Checking defaults for U/cmr/m/n on input line 49.
LaTeX Font Info:    ... okay on input line 49.
LaTeX Font Info:    Checking defaults for PD1/pdf/m/n on input line 49.
LaTeX Font Info:    ... okay on input line 49.

("C:\Users\Jack\AppData\Local\Programs\MiKTeX 2.9\tex\context\base\supp-pdf.mki
i"
[Loading MPS to PDF converter (version 2006.09.02).]
\scratchcounter=\count173
\scratchdimen=\dimen173
\scratchbox=\box53
\nofMPsegments=\count174
\nofMParguments=\count175
\everyMPshowfont=\toks25
\MPscratchCnt=\count176
\MPscratchDim=\dimen174
\MPnumerator=\count177
\makeMPintoPDFobject=\count178
\everyMPtoPDFconversion=\toks26
)
("C:\Users\Jack\AppData\Local\Programs\MiKTeX 2.9\tex\latex\oberdiek\epstopdf-b
ase.sty"
Package: epstopdf-base 2016/05/15 v2.6 Base part for package epstopdf

("C:\Users\Jack\AppData\Local\Programs\MiKTeX 2.9\tex\latex\oberdiek\grfext.sty
"
Package: grfext 2016/05/16 v1.2 Manage graphics extensions (HO)
)
Package epstopdf-base Info: Redefining graphics rule for `.eps' on input line 4
38.
Package grfext Info: Graphics extension search list:
(grfext)             [.png,.pdf,.jpg,.mps,.jpeg,.jbig2,.jb2,.PNG,.PDF,.JPG,.JPE
G,.JBIG2,.JB2,.eps]
(grfext)             \AppendGraphicsExtensions on input line 456.
)
LaTeX Info: Redefining \celsius on input line 49.
Package gensymb Info: Faking symbols for \degree and \celsius on input line 49.



Package gensymb Warning: Not defining \perthousand.

LaTeX Info: Redefining \ohm on input line 49.
Package gensymb Info: Using \Omega for \ohm on input line 49.

Package gensymb Warning: Not defining \micro.

Now handling font encoding TS1 ...
... processing UTF-8 mapping file for font encoding TS1
("C:\Users\Jack\AppData\Local\Programs\MiKTeX 2.9\tex\latex\base\ts1enc.dfu"
File: ts1enc.dfu 2016/02/28 v1.1s UTF-8 support for inputenc
   defining Unicode char U+00A2 (decimal 162)
   defining Unicode char U+00A3 (decimal 163)
   defining Unicode char U+00A4 (decimal 164)
   defining Unicode char U+00A5 (decimal 165)
   defining Unicode char U+00A6 (decimal 166)
   defining Unicode char U+00A7 (decimal 167)
   defining Unicode char U+00A8 (decimal 168)
   defining Unicode char U+00A9 (decimal 169)
   defining Unicode char U+00AA (decimal 170)
   defining Unicode char U+00AC (decimal 172)
   defining Unicode char U+00AE (decimal 174)
   defining Unicode char U+00AF (decimal 175)
   defining Unicode char U+00B0 (decimal 176)
   defining Unicode char U+00B1 (decimal 177)
   defining Unicode char U+00B2 (decimal 178)
   defining Unicode char U+00B3 (decimal 179)
   defining Unicode char U+00B4 (decimal 180)
   defining Unicode char U+00B5 (decimal 181)
   defining Unicode char U+00B6 (decimal 182)
   defining Unicode char U+00B7 (decimal 183)
   defining Unicode char U+00B9 (decimal 185)
   defining Unicode char U+00BA (decimal 186)
   defining Unicode char U+00BC (decimal 188)
   defining Unicode char U+00BD (decimal 189)
   defining Unicode char U+00BE (decimal 190)
   defining Unicode char U+00D7 (decimal 215)
   defining Unicode char U+00F7 (decimal 247)
   defining Unicode char U+0192 (decimal 402)
   defining Unicode char U+02C7 (decimal 711)
   defining Unicode char U+02D8 (decimal 728)
   defining Unicode char U+02DD (decimal 733)
   defining Unicode char U+0E3F (decimal 3647)
   defining Unicode char U+2016 (decimal 8214)
   defining Unicode char U+2020 (decimal 8224)
   defining Unicode char U+2021 (decimal 8225)
   defining Unicode char U+2022 (decimal 8226)
   defining Unicode char U+2030 (decimal 8240)
   defining Unicode char U+2031 (decimal 8241)
   defining Unicode char U+203B (decimal 8251)
   defining Unicode char U+203D (decimal 8253)
   defining Unicode char U+2044 (decimal 8260)
   defining Unicode char U+204E (decimal 8270)
   defining Unicode char U+2052 (decimal 8274)
   defining Unicode char U+20A1 (decimal 8353)
   defining Unicode char U+20A4 (decimal 8356)
   defining Unicode char U+20A6 (decimal 8358)
   defining Unicode char U+20A9 (decimal 8361)
   defining Unicode char U+20AB (decimal 8363)
   defining Unicode char U+20AC (decimal 8364)
   defining Unicode char U+20B1 (decimal 8369)
   defining Unicode char U+2103 (decimal 8451)
   defining Unicode char U+2116 (decimal 8470)
   defining Unicode char U+2117 (decimal 8471)
   defining Unicode char U+211E (decimal 8478)
   defining Unicode char U+2120 (decimal 8480)
   defining Unicode char U+2122 (decimal 8482)
   defining Unicode char U+2126 (decimal 8486)
   defining Unicode char U+2127 (decimal 8487)
   defining Unicode char U+212E (decimal 8494)
   defining Unicode char U+2190 (decimal 8592)
   defining Unicode char U+2191 (decimal 8593)
   defining Unicode char U+2192 (decimal 8594)
   defining Unicode char U+2193 (decimal 8595)
   defining Unicode char U+2329 (decimal 9001)
   defining Unicode char U+232A (decimal 9002)
   defining Unicode char U+2422 (decimal 9250)
   defining Unicode char U+25E6 (decimal 9702)
   defining Unicode char U+25EF (decimal 9711)
   defining Unicode char U+266A (decimal 9834)
)
("C:\Users\Jack\AppData\Local\Programs\MiKTeX 2.9\tex\latex\beamer\translator\d
icts\translator-basic-dictionary\translator-basic-dictionary-English.dict"
Dictionary: translator-basic-dictionary, Language: English 
)
("C:\Users\Jack\AppData\Local\Programs\MiKTeX 2.9\tex\latex\siunitx\siunitx-abb
reviations.cfg"
File: siunitx-abbreviations.cfg 2017/03/06 v2.7e siunitx: Abbreviated units
)
Package caption Info: Begin \AtBeginDocument code.
Package caption Info: hyperref package is loaded.
Package caption Info: End \AtBeginDocument code.
\AtBeginShipoutBox=\box54
Package hyperref Info: Link coloring ON on input line 49.

("C:\Users\Jack\AppData\Local\Programs\MiKTeX 2.9\tex\latex\hyperref\nameref.st
y"
Package: nameref 2016/05/21 v2.44 Cross-referencing by name of section

("C:\Users\Jack\AppData\Local\Programs\MiKTeX 2.9\tex\generic\oberdiek\gettitle
string.sty"
Package: gettitlestring 2016/05/16 v1.5 Cleanup title references (HO)
)
\c@section@level=\count179
)
LaTeX Info: Redefining \ref on input line 49.
LaTeX Info: Redefining \pageref on input line 49.
LaTeX Info: Redefining \nameref on input line 49.
 (DissertationMain.out) (DissertationMain.out)
\@outlinefile=\write4
\openout4 = `DissertationMain.out'.

\c__siunitx_mathsf_int=\count180
LaTeX Font Info:    Try loading font information for U+msa on input line 49.

("C:\Users\Jack\AppData\Local\Programs\MiKTeX 2.9\tex\latex\amsfonts\umsa.fd"
File: umsa.fd 2013/01/14 v3.01 AMS symbols A
)
LaTeX Font Info:    Try loading font information for U+msb on input line 49.

("C:\Users\Jack\AppData\Local\Programs\MiKTeX 2.9\tex\latex\amsfonts\umsb.fd"
File: umsb.fd 2013/01/14 v3.01 AMS symbols B
)
\c__siunitx_mathtt_int=\count181

(DissertationMain.toc [1

{C:/Users/Jack/AppData/Local/MiKTeX/2.9/pdftex/config/pdftex.map}])
\tf@toc=\write5
\openout5 = `DissertationMain.toc'.

 [2]
\openout2 = `Introduction.aux'.

 (Introduction.tex
Underfull \hbox (badness 10000) in paragraph at lines 3--4

 []


Underfull \hbox (badness 10000) in paragraph at lines 5--7

 []

) [3

]
\openout2 = `MotivationAndBackground.aux'.

 (MotivationAndBackground.tex
Underfull \hbox (badness 10000) in paragraph at lines 3--4

 []


Underfull \hbox (badness 10000) in paragraph at lines 7--8

 []


Underfull \hbox (badness 10000) in paragraph at lines 9--11

 []


Underfull \hbox (badness 10000) in paragraph at lines 12--14

 []


Underfull \hbox (badness 10000) in paragraph at lines 18--20

 []


Underfull \hbox (badness 10000) in paragraph at lines 21--23

 []

LaTeX Font Info:    Try loading font information for OMS+cmr on input line 28.
("C:\Users\Jack\AppData\Local\Programs\MiKTeX 2.9\tex\latex\base\omscmr.fd"
File: omscmr.fd 2014/09/29 v2.5h Standard LaTeX font definitions
)
LaTeX Font Info:    Font shape `OMS/cmr/m/n' in size <10> not available
(Font)              Font shape `OMS/cmsy/m/n' tried instead on input line 28.

[4


]
Underfull \hbox (badness 10000) in paragraph at lines 36--38

 []


Underfull \hbox (badness 10000) in paragraph at lines 39--41

 []


Underfull \hbox (badness 10000) in paragraph at lines 42--44

 []


Underfull \hbox (badness 10000) in paragraph at lines 45--47

 []


Underfull \hbox (badness 10000) in paragraph at lines 48--50

 []

<../Graphics/stressedCorner.png, id=374, 749.80125pt x 551.05875pt>
File: ../Graphics/stressedCorner.png Graphic file (type png)

<use ../Graphics/stressedCorner.png>
Package pdftex.def Info: ../Graphics/stressedCorner.png used on input line 55.
(pdftex.def)             Requested size: 374.8997pt x 275.52869pt.
) [5] [6 <../Graphics/stressedCorner.png>]
\openout2 = `RelatedWork.aux'.


(RelatedWork.tex
Underfull \hbox (badness 10000) in paragraph at lines 8--9

 []


Underfull \hbox (badness 10000) in paragraph at lines 10--13

 []


Underfull \hbox (badness 10000) in paragraph at lines 21--23

 []


Underfull \hbox (badness 10000) in paragraph at lines 24--26

 []


Underfull \hbox (badness 10000) in paragraph at lines 27--29

 []


Underfull \hbox (badness 10000) in paragraph at lines 30--32

 []


Underfull \hbox (badness 10000) in paragraph at lines 39--41

 []

[7


]
Underfull \hbox (badness 10000) in paragraph at lines 42--44

 []


Underfull \hbox (badness 10000) in paragraph at lines 45--47

 []


Underfull \hbox (badness 10000) in paragraph at lines 49--51

 []

<../Graphics/MeshQualityDeterioration.png, id=429, 1708.3825pt x 981.6675pt>
File: ../Graphics/MeshQualityDeterioration.png Graphic file (type png)

<use ../Graphics/MeshQualityDeterioration.png>
Package pdftex.def Info: ../Graphics/MeshQualityDeterioration.png used on input
 line 53.
(pdftex.def)             Requested size: 1708.37836pt x 981.6651pt.

Underfull \hbox (badness 10000) in paragraph at lines 58--60

 []

[8 <../Graphics/MeshQualityDeterioration.png>]) [9]
\openout2 = `DescriptionOfWork.aux'.

 (DescriptionOfWork.tex
Underfull \hbox (badness 10000) in paragraph at lines 4--5

 []


Underfull \hbox (badness 10000) in paragraph at lines 6--8

 []


Underfull \hbox (badness 10000) in paragraph at lines 19--20

 []


Underfull \hbox (badness 10000) in paragraph at lines 21--23

 []

[10


]
Underfull \hbox (badness 10000) in paragraph at lines 64--65

 []


Underfull \hbox (badness 10000) in paragraph at lines 66--68

 []

) [11]
\openout2 = `SystemDesign.aux'.

 (SystemDesign.tex
Underfull \hbox (badness 10000) in paragraph at lines 4--5

 []

<../Graphics/SystemDesignDiagram.jpeg, id=484, 763.35187pt x 516.42938pt>
File: ../Graphics/SystemDesignDiagram.jpeg Graphic file (type jpg)

<use ../Graphics/SystemDesignDiagram.jpeg>
Package pdftex.def Info: ../Graphics/SystemDesignDiagram.jpeg used on input lin
e 7.
(pdftex.def)             Requested size: 763.35pt x 516.42812pt.

Underfull \hbox (badness 10000) in paragraph at lines 14--15

 []

[12


 <../Graphics/SystemDesignDiagram.jpeg>]
Underfull \hbox (badness 10000) in paragraph at lines 36--37

 []

<../Graphics/DissoFEProto-Model.jpg, id=490, 606.01407pt x 574.39594pt>
File: ../Graphics/DissoFEProto-Model.jpg Graphic file (type jpg)

<use ../Graphics/DissoFEProto-Model.jpg>
Package pdftex.def Info: ../Graphics/DissoFEProto-Model.jpg used on input line 
45.
(pdftex.def)             Requested size: 211.3883pt x 200.35794pt.

<../Graphics/DissoFEProto-ElemNode.jpg, id=491, 831.85782pt x 604.50844pt>
File: ../Graphics/DissoFEProto-ElemNode.jpg Graphic file (type jpg)

<use ../Graphics/DissoFEProto-ElemNode.jpg>
Package pdftex.def Info: ../Graphics/DissoFEProto-ElemNode.jpg used on input li
ne 51.
(pdftex.def)             Requested size: 211.3883pt x 153.61722pt.


LaTeX Warning: `!h' float specifier changed to `!ht'.


<../Graphics/DissoFEProto-ModelAnalysis.jpg, id=492, 801.74532pt x 456.20438pt>
File: ../Graphics/DissoFEProto-ModelAnalysis.jpg Graphic file (type jpg)
<use ../Graphics/DissoFEProto-ModelAnalysis.jpg>
Package pdftex.def Info: ../Graphics/DissoFEProto-ModelAnalysis.jpg used on inp
ut line 62.
(pdftex.def)             Requested size: 211.3883pt x 120.28099pt.

<../Graphics/DissoFEProto-MaterialProps.jpg, id=493, 621.82312pt x 316.93407pt>
File: ../Graphics/DissoFEProto-MaterialProps.jpg Graphic file (type jpg)
<use ../Graphics/DissoFEProto-MaterialProps.jpg>
Package pdftex.def Info: ../Graphics/DissoFEProto-MaterialProps.jpg used on inp
ut line 68.
(pdftex.def)             Requested size: 211.3883pt x 107.74164pt.

Underfull \hbox (badness 10000) in paragraph at lines 76--78

 []

<../Graphics/ElementHigerarchyDiagram2.png, id=494, 1194.3822pt x 941.4372pt>
File: ../Graphics/ElementHigerarchyDiagram2.png Graphic file (type png)

<use ../Graphics/ElementHigerarchyDiagram2.png>
Package pdftex.def Info: ../Graphics/ElementHigerarchyDiagram2.png used on inpu
t line 80.
(pdftex.def)             Requested size: 1194.3793pt x 941.43489pt.


LaTeX Warning: `!h' float specifier changed to `!ht'.

[13])
Overfull \hbox (473.67348pt too wide) in paragraph at lines 96--71
\T1/cmr/m/n/10 weight-ing con-fig-u-ra-tion. [][][][][][] 
 []

[14 <../Graphics/DissoFEProto-Model.jpg> <../Graphics/DissoFEProto-ElemNode.jpg
> <../Graphics/DissoFEProto-ModelAnalysis.jpg> <../Graphics/DissoFEProto-Materi
alProps.jpg>] [15 <../Graphics/ElementHigerarchyDiagram2.png>]
\openout2 = `Implementation.aux'.


(Implementation.tex
Underfull \hbox (badness 10000) in paragraph at lines 6--7

 []


Underfull \hbox (badness 10000) in paragraph at lines 13--14

 []


Underfull \hbox (badness 10000) in paragraph at lines 15--17

 []


Underfull \hbox (badness 10000) in paragraph at lines 18--20

 []

[16


]
Underfull \hbox (badness 10000) in paragraph at lines 29--30

 []


Underfull \hbox (badness 10000) in paragraph at lines 31--33

 []


Underfull \hbox (badness 10000) in paragraph at lines 41--42

 []


Underfull \hbox (badness 10000) in paragraph at lines 43--45

 []


Underfull \hbox (badness 10000) in paragraph at lines 51--53

 []


LaTeX Warning: Citation `HandMeshing' on page 17 undefined on input line 55.


Underfull \hbox (badness 10000) in paragraph at lines 54--56

 []

[17]
Underfull \hbox (badness 10000) in paragraph at lines 58--59

 []


Underfull \hbox (badness 10000) in paragraph at lines 60--62

 []

<../Graphics/nodeLinking.png, id=534, 274.1442pt x 172.9662pt>
File: ../Graphics/nodeLinking.png Graphic file (type png)

<use ../Graphics/nodeLinking.png>
Package pdftex.def Info: ../Graphics/nodeLinking.png used on input line 65.
(pdftex.def)             Requested size: 274.14351pt x 172.96577pt.

Underfull \hbox (badness 10000) in paragraph at lines 70--70

 []

[18 <../Graphics/nodeLinking.png>]
Underfull \hbox (badness 10000) in paragraph at lines 83--85

 []


Underfull \hbox (badness 10000) in paragraph at lines 86--88

 []


Underfull \hbox (badness 10000) in paragraph at lines 91--93

 []


Underfull \hbox (badness 10000) in paragraph at lines 107--108

 []

[19]
Underfull \hbox (badness 10000) in paragraph at lines 121--122

 []


Underfull \hbox (badness 10000) in paragraph at lines 134--135

 []


Underfull \hbox (badness 10000) in paragraph at lines 137--139

 []

) [20]
\openout2 = `Evaluation.aux'.

 (Evaluation.tex
Underfull \hbox (badness 10000) in paragraph at lines 15--16

 []


Underfull \hbox (badness 10000) in paragraph at lines 27--28

 []


LaTeX Warning: Citation `SuspensionBridgeMeasurements' on page 21 undefined on 
input line 30.


Underfull \hbox (badness 10000) in paragraph at lines 35--37

 []

<../Graphics/BasicBridge.jpeg, id=556, 764.8575pt x 601.4972pt>
File: ../Graphics/BasicBridge.jpeg Graphic file (type jpg)

<use ../Graphics/BasicBridge.jpeg>
Package pdftex.def Info: ../Graphics/BasicBridge.jpeg used on input line 44.
(pdftex.def)             Requested size: 764.85562pt x 601.49573pt.
 [21


] [22 <../Graphics/BasicBridge.jpeg>]

LaTeX Warning: Citation `CrosswindsOnSuspensionBridges' on page 23 undefined on
 input line 66.


Underfull \hbox (badness 10000) in paragraph at lines 77--78

 []

<../Graphics/PaperMillDolsak.jpeg, id=569, 375.65344pt x 507.39563pt>
File: ../Graphics/PaperMillDolsak.jpeg Graphic file (type jpg)

<use ../Graphics/PaperMillDolsak.jpeg>
Package pdftex.def Info: ../Graphics/PaperMillDolsak.jpeg used on input line 97
.
(pdftex.def)             Requested size: 211.3883pt x 285.52547pt.

<../Graphics/PaperMillWithinLisa.jpeg, id=570, 678.28406pt x 530.73282pt>
File: ../Graphics/PaperMillWithinLisa.jpeg Graphic file (type jpg)

<use ../Graphics/PaperMillWithinLisa.jpeg>
Package pdftex.def Info: ../Graphics/PaperMillWithinLisa.jpeg used on input lin
e 103.
(pdftex.def)             Requested size: 211.3883pt x 165.40009pt.


LaTeX Warning: `!h' float specifier changed to `!ht'.

<../Graphics/DolsakCylinderWithEdges.jpeg, id=571, 316.93407pt x 270.25969pt>
File: ../Graphics/DolsakCylinderWithEdges.jpeg Graphic file (type jpg)

<use ../Graphics/DolsakCylinderWithEdges.jpeg>
Package pdftex.def Info: ../Graphics/DolsakCylinderWithEdges.jpeg used on input
 line 123.
(pdftex.def)             Requested size: 211.3883pt x 180.26065pt.

<../Graphics/DolsakCylinderMeshed.jpeg, id=574, 317.68687pt x 267.24844pt>
File: ../Graphics/DolsakCylinderMeshed.jpeg Graphic file (type jpg)

<use ../Graphics/DolsakCylinderMeshed.jpeg>
Package pdftex.def Info: ../Graphics/DolsakCylinderMeshed.jpeg used on input li
ne 129.
(pdftex.def)             Requested size: 211.3883pt x 177.83215pt.

<../Graphics/DolsakCylinderWithinLisa.jpeg, id=575, 581.92406pt x 444.15938pt>
File: ../Graphics/DolsakCylinderWithinLisa.jpeg Graphic file (type jpg)

<use ../Graphics/DolsakCylinderWithinLisa.jpeg>
Package pdftex.def Info: ../Graphics/DolsakCylinderWithinLisa.jpeg used on inpu
t line 142.
(pdftex.def)             Requested size: 211.3883pt x 161.3408pt.
 [23]
Underfull \hbox (badness 10000) in paragraph at lines 158--160

 []

[24 <../Graphics/PaperMillDolsak.jpeg> <../Graphics/PaperMillWithinLisa.jpeg>]
[25 <../Graphics/DolsakCylinderWithEdges.jpeg> <../Graphics/DolsakCylinderMeshe
d.jpeg> <../Graphics/DolsakCylinderWithinLisa.jpeg>]) [26]
\openout2 = `FurtherWorkAndReferences.aux'.


(FurtherWorkAndReferences.tex
Underfull \hbox (badness 10000) in paragraph at lines 12--13

 []


Underfull \hbox (badness 10000) in paragraph at lines 14--16

 []

[27


] <../Graphics/TimePlanUpdated2.png, id=604, 1187.93813pt x 397.485pt>
File: ../Graphics/TimePlanUpdated2.png Graphic file (type png)

<use ../Graphics/TimePlanUpdated2.png>
Package pdftex.def Info: ../Graphics/TimePlanUpdated2.png used on input line 53
.
(pdftex.def)             Requested size: 702.65382pt x 301.13344pt.

Overfull \hbox (14.08723pt too wide) in paragraph at lines 52--53
[]|  [] 
 []

[28

 <../Graphics/TimePlanUpdated2.png>]
LaTeX Font Info:    Try loading font information for T1+cmtt on input line 65.

("C:\Users\Jack\AppData\Local\Programs\MiKTeX 2.9\tex\latex\base\t1cmtt.fd"
File: t1cmtt.fd 2014/09/29 v2.5h Standard LaTeX font definitions
)
Underfull \hbox (badness 2302) in paragraph at lines 99--100
[]\T1/cmr/m/n/10 G. P. Nik-ishkov \T1/cmr/m/it/10 IN-TRO-DUC-TION TO THE FI-NIT
E EL-E-MENT METHOD [][]$\T1/cmtt/m/n/10 http : / /
 []


Underfull \hbox (badness 10000) in paragraph at lines 103--104
[]\T1/cmr/m/n/10 Nam-Ho Kim \T1/cmr/m/it/10 STRUC-TURAL DE-SIGN US-ING FI-NITE 
EL-E-MENTS
 []


Overfull \hbox (89.12645pt too wide) in paragraph at lines 108--109
[][][]$\T1/cmtt/m/n/10 https : / / www . quora . com / What-[]is-[]the-[]cantil
ever-[]beam-[]What-[]is-[]the-[]advantages-[]and-[]disadvantages-[]of-[]it$[][]
 
 []

[29

]
Overfull \hbox (96.62389pt too wide) in paragraph at lines 133--134
[][][]$\T1/cmtt/m/n/10 http : / / www . pulpandpapercanada . com / news / coupl
ing-[]changes-[]cut-[]paper-[]machinery-[]maintenance-[]1000108660$[][] 
 []

<../Graphics/LISA-quad4.png, id=644, 100.12407pt x 99.37125pt>
File: ../Graphics/LISA-quad4.png Graphic file (type png)

<use ../Graphics/LISA-quad4.png>
Package pdftex.def Info: ../Graphics/LISA-quad4.png used on input line 148.
(pdftex.def)             Requested size: 70.46396pt x 69.93846pt.

<../Graphics/LISA-hex8.png, id=645, 99.37125pt x 100.87688pt>
File: ../Graphics/LISA-hex8.png Graphic file (type png)

<use ../Graphics/LISA-hex8.png>
Package pdftex.def Info: ../Graphics/LISA-hex8.png used on input line 154.
(pdftex.def)             Requested size: 70.46396pt x 71.5338pt.

<../Graphics/LISA-tri3.png, id=646, 100.12407pt x 100.12407pt>
File: ../Graphics/LISA-tri3.png Graphic file (type png)

<use ../Graphics/LISA-tri3.png>
Package pdftex.def Info: ../Graphics/LISA-tri3.png used on input line 166.
(pdftex.def)             Requested size: 70.46396pt x 70.46829pt.

<../Graphics/LISA-tet4.png, id=647, 100.12407pt x 100.12407pt>
File: ../Graphics/LISA-tet4.png Graphic file (type png)

<use ../Graphics/LISA-tet4.png>
Package pdftex.def Info: ../Graphics/LISA-tet4.png used on input line 172.
(pdftex.def)             Requested size: 70.46396pt x 70.46829pt.

<../Graphics/LISA-line2.png, id=648, 100.12407pt x 98.61844pt>
File: ../Graphics/LISA-line2.png Graphic file (type png)

<use ../Graphics/LISA-line2.png>
Package pdftex.def Info: ../Graphics/LISA-line2.png used on input line 184.
(pdftex.def)             Requested size: 70.46396pt x 69.40862pt.

<../Graphics/LISA-line3.png, id=649, 100.87688pt x 100.87688pt>
File: ../Graphics/LISA-line3.png Graphic file (type png)

<use ../Graphics/LISA-line3.png>
Package pdftex.def Info: ../Graphics/LISA-line3.png used on input line 190.
(pdftex.def)             Requested size: 70.46396pt x 70.464pt.

Underfull \hbox (badness 10000) in paragraph at lines 200--201

 []

[30 <../Graphics/LISA-quad4.png> <../Graphics/LISA-hex8.png> <../Graphics/LISA-
tri3.png> <../Graphics/LISA-tet4.png> <../Graphics/LISA-line2.png> <../Graphics
/LISA-line3.png>]
Underfull \hbox (badness 10000) in paragraph at lines 216--217

 []

<../Graphics/limlFileLayout.png, id=668, 477.28313pt x 691.08188pt>
File: ../Graphics/limlFileLayout.png Graphic file (type png)

<use ../Graphics/limlFileLayout.png>
Package pdftex.def Info: ../Graphics/limlFileLayout.png used on input line 222.

(pdftex.def)             Requested size: 140.92793pt x 204.04665pt.

<../Graphics/jsonEdgeFileLayout.png, id=669, 495.35063pt x 569.87906pt>
File: ../Graphics/jsonEdgeFileLayout.png Graphic file (type png)

<use ../Graphics/jsonEdgeFileLayout.png>
Package pdftex.def Info: ../Graphics/jsonEdgeFileLayout.png used on input line 
228.
(pdftex.def)             Requested size: 187.90271pt x 216.17368pt.
) [31 <../Graphics/limlFileLayout.png> <../Graphics/jsonEdgeFileLayout.png>]
Package atveryend Info: Empty hook `BeforeClearDocument' on input line 77.
Package atveryend Info: Empty hook `AfterLastShipout' on input line 77.
 (DissertationMain.aux (Introduction.aux)
(MotivationAndBackground.aux) (RelatedWork.aux) (DescriptionOfWork.aux)
(SystemDesign.aux) (Implementation.aux) (Evaluation.aux)
(FurtherWorkAndReferences.aux))
Package atveryend Info: Executing hook `AtVeryEndDocument' on input line 77.
Package atveryend Info: Executing hook `AtEndAfterFileList' on input line 77.
Package rerunfilecheck Info: File `DissertationMain.out' has not changed.
(rerunfilecheck)             Checksum: A0748E8F99C8867F982DB411FF125FD9;5065.


LaTeX Warning: There were undefined references.


LaTeX Warning: There were multiply-defined labels.

Package atveryend Info: Empty hook `AtVeryVeryEnd' on input line 77.
 ) 
Here is how much of TeX's memory you used:
 18630 strings out of 493334
 351068 string characters out of 3130654
 397305 words of memory out of 3000000
 21724 multiletter control sequences out of 15000+200000
 19959 words of font info for 62 fonts, out of 3000000 for 9000
 1141 hyphenation exceptions out of 8191
 42i,8n,48p,10389b,949s stack positions out of 5000i,500n,10000p,200000b,50000s
 <C:\Users\Jack\AppData\Local\MiKTeX\2.9\fonts\pk\ljfour\jknappen\ec\dpi600\e
ctt1000.pk> <C:\Users\Jack\AppData\Local\MiKTeX\2.9\fonts\pk\ljfour\jknappen\ec
\dpi600\ecrm0900.pk> <C:\Users\Jack\AppData\Local\MiKTeX\2.9\fonts\pk\ljfour\jk
nappen\ec\dpi600\ecti1000.pk> <C:\Users\Jack\AppData\Local\MiKTeX\2.9\fonts\pk\
ljfour\jknappen\ec\dpi600\ecbx1200.pk> <C:\Users\Jack\AppData\Local\MiKTeX\2.9\
fonts\pk\ljfour\jknappen\ec\dpi600\ecrm1000.pk> <C:\Users\Jack\AppData\Local\Mi
KTeX\2.9\fonts\pk\ljfour\jknappen\ec\dpi600\ecbx1000.pk> <C:\Users\Jack\AppData
\Local\MiKTeX\2.9\fonts\pk\ljfour\jknappen\ec\dpi600\ecbx1440.pk> <C:\Users\Jac
k\AppData\Local\MiKTeX\2.9\fonts\pk\ljfour\jknappen\ec\dpi600\ecrm1200.pk> <C:\
Users\Jack\AppData\Local\MiKTeX\2.9\fonts\pk\ljfour\jknappen\ec\dpi600\ecrm1728
.pk><C:/Users/Jack/AppData/Local/Programs/MiKTeX 2.9/fonts/type1/public/amsfont
s/cm/cmmi10.pfb><C:/Users/Jack/AppData/Local/Programs/MiKTeX 2.9/fonts/type1/pu
blic/amsfonts/cm/cmr10.pfb><C:/Users/Jack/AppData/Local/Programs/MiKTeX 2.9/fon
ts/type1/public/amsfonts/cm/cmr7.pfb><C:/Users/Jack/AppData/Local/Programs/MiKT
eX 2.9/fonts/type1/public/amsfonts/cm/cmsy10.pfb><C:/Users/Jack/AppData/Local/P
rograms/MiKTeX 2.9/fonts/type1/public/amsfonts/cm/cmsy7.pfb><C:/Users/Jack/AppD
ata/Local/Programs/MiKTeX 2.9/fonts/type1/public/amsfonts/symbols/msbm10.pfb>
Output written on DissertationMain.pdf (31 pages, 3235042 bytes).
PDF statistics:
 1207 PDF objects out of 1440 (max. 8388607)
 172 named destinations out of 1000 (max. 500000)
 641 words of extra memory for PDF output out of 10000 (max. 10000000)

