\BOOKMARK [1][-]{section.1}{Introduction}{}% 1
\BOOKMARK [1][-]{section.2}{Motivation and Background}{}% 2
\BOOKMARK [2][-]{subsection.2.1}{Properties of finite element models}{section.2}% 3
\BOOKMARK [2][-]{subsection.2.2}{Limitations and general considerations}{section.2}% 4
\BOOKMARK [1][-]{section.3}{Related Work}{}% 5
\BOOKMARK [2][-]{subsection.3.1}{Traditional Stress refinement methods}{section.3}% 6
\BOOKMARK [2][-]{subsection.3.2}{Uses of Artificial Intelligence and Machine Learning}{section.3}% 7
\BOOKMARK [2][-]{subsection.3.3}{Quality metrics}{section.3}% 8
\BOOKMARK [1][-]{section.4}{Description of the work}{}% 9
\BOOKMARK [2][-]{subsection.4.1}{Aims and Objectives}{section.4}% 10
\BOOKMARK [2][-]{subsection.4.2}{System specification}{section.4}% 11
\BOOKMARK [2][-]{subsection.4.3}{Functional Requirements}{section.4}% 12
\BOOKMARK [2][-]{subsection.4.4}{Non-Functional Requirements}{section.4}% 13
\BOOKMARK [1][-]{section.5}{System Design}{}% 14
\BOOKMARK [2][-]{subsection.5.1}{System Overview}{section.5}% 15
\BOOKMARK [2][-]{subsection.5.2}{Modular Architecture}{section.5}% 16
\BOOKMARK [2][-]{subsection.5.3}{Input Files}{section.5}% 17
\BOOKMARK [2][-]{subsection.5.4}{Simulation Data Model}{section.5}% 18
\BOOKMARK [2][-]{subsection.5.5}{Remeshing methods approach}{section.5}% 19
\BOOKMARK [3][-]{subsubsection.5.5.1}{Combining methods}{subsection.5.5}% 20
\BOOKMARK [3][-]{subsubsection.5.5.2}{Multi Threading}{subsection.5.5}% 21
\BOOKMARK [1][-]{section.6}{Software Implementation}{}% 22
\BOOKMARK [2][-]{subsection.6.1}{Third Party FE Application}{section.6}% 23
\BOOKMARK [2][-]{subsection.6.2}{LISA}{section.6}% 24
\BOOKMARK [2][-]{subsection.6.3}{Languages and platforms}{section.6}% 25
\BOOKMARK [2][-]{subsection.6.4}{Implementation Methodology}{section.6}% 26
\BOOKMARK [2][-]{subsection.6.5}{Implementation of Subsystems}{section.6}% 27
\BOOKMARK [3][-]{subsubsection.6.5.1}{Re-meshing using hierarchical refinement}{subsection.6.5}% 28
\BOOKMARK [2][-]{subsection.6.6}{Fast node lookup and update of nodes}{section.6}% 29
\BOOKMARK [2][-]{subsection.6.7}{Sorting Element Nodes}{section.6}% 30
\BOOKMARK [2][-]{subsection.6.8}{Stress Based Refinement}{section.6}% 31
\BOOKMARK [2][-]{subsection.6.9}{Heuristic/Rule Based Refinement}{section.6}% 32
\BOOKMARK [2][-]{subsection.6.10}{Mesh Quality Assessment}{section.6}% 33
\BOOKMARK [2][-]{subsection.6.11}{Implementation Issues}{section.6}% 34
\BOOKMARK [3][-]{subsubsection.6.11.1}{Attempts to Automatically Define edges within models}{subsection.6.11}% 35
\BOOKMARK [1][-]{section.7}{Evaluation of Project}{}% 36
\BOOKMARK [2][-]{subsection.7.1}{Validation against Functional Requirements}{section.7}% 37
\BOOKMARK [2][-]{subsection.7.2}{Validation against Non Functional}{section.7}% 38
\BOOKMARK [2][-]{subsection.7.3}{Unit Testing}{section.7}% 39
\BOOKMARK [2][-]{subsection.7.4}{Software Management}{section.7}% 40
\BOOKMARK [2][-]{subsection.7.5}{Software Quality and Maintainability}{section.7}% 41
\BOOKMARK [2][-]{subsection.7.6}{Documentation}{section.7}% 42
\BOOKMARK [2][-]{subsection.7.7}{Increase in performance through parallel execution}{section.7}% 43
\BOOKMARK [2][-]{subsection.7.8}{Evaluation Of System For Model Simulations}{section.7}% 44
\BOOKMARK [3][-]{subsubsection.7.8.1}{Suspension Bridge structure}{subsection.7.8}% 45
\BOOKMARK [3][-]{subsubsection.7.8.2}{Hybrid Evaluation}{subsection.7.8}% 46
\BOOKMARK [3][-]{subsubsection.7.8.3}{Analysis of and Addition of Metric\(s\)}{subsection.7.8}% 47
\BOOKMARK [2][-]{subsection.7.9}{Evaluation of Subsystems based on model evaluation}{section.7}% 48
\BOOKMARK [3][-]{subsubsection.7.9.1}{Analysis of Methods Using Metrics}{subsection.7.9}% 49
\BOOKMARK [3][-]{subsubsection.7.9.2}{Evaluation of Stress Refinement Effectiveness}{subsection.7.9}% 50
\BOOKMARK [3][-]{subsubsection.7.9.3}{Evaluation of Heuristic Refinement Effectiveness}{subsection.7.9}% 51
\BOOKMARK [3][-]{subsubsection.7.9.4}{Evaluation Issues}{subsection.7.9}% 52
\BOOKMARK [2][-]{subsection.7.10}{Strengths and Weaknesses}{section.7}% 53
\BOOKMARK [2][-]{subsection.7.11}{Evaluation summary}{section.7}% 54
\BOOKMARK [2][-]{subsection.7.12}{Successes and Limitations of project}{section.7}% 55
\BOOKMARK [1][-]{section.8}{Further Work}{}% 56
\BOOKMARK [2][-]{subsection.8.1}{Gathering feedback from experienced engineers}{section.8}% 57
\BOOKMARK [2][-]{subsection.8.2}{Improving usability through a web interface}{section.8}% 58
\BOOKMARK [1][-]{section.9}{Personal Reflections and Summary}{}% 59
\BOOKMARK [1][-]{section.9}{References}{}% 60
\BOOKMARK [1][-]{appendix.A}{Element Types within LISA}{}% 61
\BOOKMARK [1][-]{appendix.B}{Unit Testing}{}% 62
\BOOKMARK [1][-]{appendix.C}{Input and output files}{}% 63
\BOOKMARK [1][-]{appendix.D}{Project Layout in Solution Explorer}{}% 64
\BOOKMARK [1][-]{appendix.E}{Software Quality Metrics}{}% 65
\BOOKMARK [1][-]{appendix.F}{Bridge Cross Loading Simulation Results}{}% 66
\BOOKMARK [2][-]{subsection.F.1}{Heuristic Refinement}{appendix.F}% 67
\BOOKMARK [2][-]{subsection.F.2}{Stress Refinement}{appendix.F}% 68
\BOOKMARK [1][-]{appendix.G}{Bridge Base Loading Simulation Results}{}% 69
\BOOKMARK [1][-]{appendix.H}{Paper Mill Simulation Results}{}% 70
\BOOKMARK [1][-]{appendix.I}{Gantt Chart for Project Time Management}{}% 71
