This is pdfTeX, Version 3.14159265-2.6-1.40.17 (MiKTeX 2.9 64-bit) (preloaded format=pdflatex 2016.10.17)  11 MAR 2017 11:09
entering extended mode
**./FinalDissoTex.tex
(FinalDissoTex.tex
LaTeX2e <2016/03/31> patch level 3
Babel <3.9r> and hyphenation patterns for 75 language(s) loaded.
("C:\Users\Jack\AppData\Local\Programs\MiKTeX 2.9\tex\latex\base\article.cls"
Document Class: article 2014/09/29 v1.4h Standard LaTeX document class
("C:\Users\Jack\AppData\Local\Programs\MiKTeX 2.9\tex\latex\base\size10.clo"
File: size10.clo 2014/09/29 v1.4h Standard LaTeX file (size option)
)
\c@part=\count79
\c@section=\count80
\c@subsection=\count81
\c@subsubsection=\count82
\c@paragraph=\count83
\c@subparagraph=\count84
\c@figure=\count85
\c@table=\count86
\abovecaptionskip=\skip41
\belowcaptionskip=\skip42
\bibindent=\dimen102
)
("C:\Users\Jack\AppData\Local\Programs\MiKTeX 2.9\tex\latex\comment\comment.sty
"
\CommentStream=\write3
 Excluding comment 'comment')
("C:\Users\Jack\AppData\Local\Programs\MiKTeX 2.9\tex\latex\preprint\fullpage.s
ty"
Package: fullpage 1999/02/23 1.1 (PWD)
\FP@margin=\skip43
)
("C:\Users\Jack\AppData\Local\Programs\MiKTeX 2.9\tex\latex\graphics\graphicx.s
ty"
Package: graphicx 2014/10/28 v1.0g Enhanced LaTeX Graphics (DPC,SPQR)

("C:\Users\Jack\AppData\Local\Programs\MiKTeX 2.9\tex\latex\graphics\keyval.sty
"
Package: keyval 2014/10/28 v1.15 key=value parser (DPC)
\KV@toks@=\toks14
)
("C:\Users\Jack\AppData\Local\Programs\MiKTeX 2.9\tex\latex\graphics\graphics.s
ty"
Package: graphics 2016/07/10 v1.0t Standard LaTeX Graphics (DPC,SPQR)

("C:\Users\Jack\AppData\Local\Programs\MiKTeX 2.9\tex\latex\graphics\trig.sty"
Package: trig 2016/01/03 v1.10 sin cos tan (DPC)
)
("C:\Users\Jack\AppData\Local\Programs\MiKTeX 2.9\tex\latex\00miktex\graphics.c
fg"
File: graphics.cfg 2016/06/04 v1.11 sample graphics configuration
)
Package graphics Info: Driver file: pdftex.def on input line 99.

("C:\Users\Jack\AppData\Local\Programs\MiKTeX 2.9\tex\latex\graphics-def\pdftex
.def"
File: pdftex.def 2016/07/10 v0.06j Graphics/color for pdfTeX

("C:\Users\Jack\AppData\Local\Programs\MiKTeX 2.9\tex\generic\oberdiek\infwarer
r.sty"
Package: infwarerr 2016/05/16 v1.4 Providing info/warning/error messages (HO)
)
("C:\Users\Jack\AppData\Local\Programs\MiKTeX 2.9\tex\generic\oberdiek\ltxcmds.
sty"
Package: ltxcmds 2016/05/16 v1.23 LaTeX kernel commands for general use (HO)
)
\Gread@gobject=\count87
))
\Gin@req@height=\dimen103
\Gin@req@width=\dimen104
)
("C:\Users\Jack\AppData\Local\Programs\MiKTeX 2.9\tex\latex\oberdiek\pdflscape.
sty"
Package: pdflscape 2016/05/14 v0.11 Display of landscape pages in PDF (HO)

("C:\Users\Jack\AppData\Local\Programs\MiKTeX 2.9\tex\latex\graphics\lscape.sty
"
Package: lscape 2000/10/22 v3.01 Landscape Pages (DPC)
)
("C:\Users\Jack\AppData\Local\Programs\MiKTeX 2.9\tex\generic\oberdiek\ifpdf.st
y"
Package: ifpdf 2016/05/14 v3.1 Provides the ifpdf switch
)
Package pdflscape Info: Auto-detected driver: pdftex on input line 81.

("C:\Users\Jack\AppData\Local\Programs\MiKTeX 2.9\tex\generic\ifxetex\ifxetex.s
ty"
Package: ifxetex 2010/09/12 v0.6 Provides ifxetex conditional
))
("C:\Users\Jack\AppData\Local\Programs\MiKTeX 2.9\tex\latex\wrapfig\wrapfig.sty
"
\wrapoverhang=\dimen105
\WF@size=\dimen106
\c@WF@wrappedlines=\count88
\WF@box=\box26
\WF@everypar=\toks15
Package: wrapfig 2003/01/31  v 3.6
) ("C:\Users\Jack\AppData\Local\Programs\MiKTeX 2.9\tex\latex\was\gensymb.sty"
Package: gensymb 2003/07/02 v1.0 (WaS)
)
("C:\Users\Jack\AppData\Local\Programs\MiKTeX 2.9\tex\latex\enumitem\enumitem.s
ty"
Package: enumitem 2011/09/28 v3.5.2 Customized lists
\labelindent=\skip44
\enit@outerparindent=\dimen107
\enit@toks=\toks16
\enit@inbox=\box27
\enitdp@description=\count89
)
("C:\Users\Jack\AppData\Local\Programs\MiKTeX 2.9\tex\latex\caption\subcaption.
sty"
Package: subcaption 2016/05/22 v1.1-161 Sub-captions (AR)

("C:\Users\Jack\AppData\Local\Programs\MiKTeX 2.9\tex\latex\caption\caption.sty
"
Package: caption 2016/02/21 v3.3-144 Customizing captions (AR)

("C:\Users\Jack\AppData\Local\Programs\MiKTeX 2.9\tex\latex\caption\caption3.st
y"
Package: caption3 2016/05/22 v1.7-166 caption3 kernel (AR)
Package caption3 Info: TeX engine: e-TeX on input line 67.
\captionmargin=\dimen108
\captionmargin@=\dimen109
\captionwidth=\dimen110
\caption@tempdima=\dimen111
\caption@indent=\dimen112
\caption@parindent=\dimen113
\caption@hangindent=\dimen114
)
\c@ContinuedFloat=\count90
Package caption Info: wrapfig package is loaded.
)
\c@subfigure=\count91
\c@subtable=\count92
)
("C:\Users\Jack\AppData\Local\Programs\MiKTeX 2.9\tex\latex\base\fontenc.sty"
Package: fontenc 2016/06/19 v1.99m Standard LaTeX package

("C:\Users\Jack\AppData\Local\Programs\MiKTeX 2.9\tex\latex\base\t1enc.def"
File: t1enc.def 2016/06/19 v1.99m Standard LaTeX file
LaTeX Font Info:    Redeclaring font encoding T1 on input line 48.
))
("C:\Users\Jack\AppData\Local\Programs\MiKTeX 2.9\tex\latex\xcolor\xcolor.sty"
Package: xcolor 2016/05/11 v2.12 LaTeX color extensions (UK)

("C:\Users\Jack\AppData\Local\Programs\MiKTeX 2.9\tex\latex\00miktex\color.cfg"
File: color.cfg 2016/01/02 v1.6 sample color configuration
)
Package xcolor Info: Driver file: pdftex.def on input line 225.
Package xcolor Info: Model `cmy' substituted by `cmy0' on input line 1348.
Package xcolor Info: Model `hsb' substituted by `rgb' on input line 1352.
Package xcolor Info: Model `RGB' extended on input line 1364.
Package xcolor Info: Model `HTML' substituted by `rgb' on input line 1366.
Package xcolor Info: Model `Hsb' substituted by `hsb' on input line 1367.
Package xcolor Info: Model `tHsb' substituted by `hsb' on input line 1368.
Package xcolor Info: Model `HSB' substituted by `hsb' on input line 1369.
Package xcolor Info: Model `Gray' substituted by `gray' on input line 1370.
Package xcolor Info: Model `wave' substituted by `hsb' on input line 1371.
)
("C:\Users\Jack\AppData\Local\Programs\MiKTeX 2.9\tex\latex\hyperref\hyperref.s
ty"
Package: hyperref 2016/06/24 v6.83q Hypertext links for LaTeX

("C:\Users\Jack\AppData\Local\Programs\MiKTeX 2.9\tex\generic\oberdiek\hobsub-h
yperref.sty"
Package: hobsub-hyperref 2016/05/16 v1.14 Bundle oberdiek, subset hyperref (HO)


("C:\Users\Jack\AppData\Local\Programs\MiKTeX 2.9\tex\generic\oberdiek\hobsub-g
eneric.sty"
Package: hobsub-generic 2016/05/16 v1.14 Bundle oberdiek, subset generic (HO)
Package: hobsub 2016/05/16 v1.14 Construct package bundles (HO)
Package hobsub Info: Skipping package `infwarerr' (already loaded).
Package hobsub Info: Skipping package `ltxcmds' (already loaded).
Package: ifluatex 2016/05/16 v1.4 Provides the ifluatex switch (HO)
Package ifluatex Info: LuaTeX not detected.
Package: ifvtex 2016/05/16 v1.6 Detect VTeX and its facilities (HO)
Package ifvtex Info: VTeX not detected.
Package: intcalc 2016/05/16 v1.2 Expandable calculations with integers (HO)
Package hobsub Info: Skipping package `ifpdf' (already loaded).
Package: etexcmds 2016/05/16 v1.6 Avoid name clashes with e-TeX commands (HO)
Package etexcmds Info: Could not find \expanded.
(etexcmds)             That can mean that you are not using pdfTeX 1.50 or
(etexcmds)             that some package has redefined \expanded.
(etexcmds)             In the latter case, load this package earlier.
Package: kvsetkeys 2016/05/16 v1.17 Key value parser (HO)
Package: kvdefinekeys 2016/05/16 v1.4 Define keys (HO)
Package: pdftexcmds 2016/05/21 v0.22 Utility functions of pdfTeX for LuaTeX (HO
)
Package pdftexcmds Info: LuaTeX not detected.
Package pdftexcmds Info: \pdf@primitive is available.
Package pdftexcmds Info: \pdf@ifprimitive is available.
Package pdftexcmds Info: \pdfdraftmode found.
Package: pdfescape 2016/05/16 v1.14 Implements pdfTeX's escape features (HO)
Package: bigintcalc 2016/05/16 v1.4 Expandable calculations on big integers (HO
)
Package: bitset 2016/05/16 v1.2 Handle bit-vector datatype (HO)
Package: uniquecounter 2016/05/16 v1.3 Provide unlimited unique counter (HO)
)
Package hobsub Info: Skipping package `hobsub' (already loaded).
Package: letltxmacro 2016/05/16 v1.5 Let assignment for LaTeX macros (HO)
Package: hopatch 2016/05/16 v1.3 Wrapper for package hooks (HO)
Package: xcolor-patch 2016/05/16 xcolor patch
Package: atveryend 2016/05/16 v1.9 Hooks at the very end of document (HO)
Package atveryend Info: \enddocument detected (standard20110627).
Package: atbegshi 2016/06/09 v1.18 At begin shipout hook (HO)
Package: refcount 2016/05/16 v3.5 Data extraction from label references (HO)
Package: hycolor 2016/05/16 v1.8 Color options for hyperref/bookmark (HO)
)
("C:\Users\Jack\AppData\Local\Programs\MiKTeX 2.9\tex\latex\oberdiek\auxhook.st
y"
Package: auxhook 2016/05/16 v1.4 Hooks for auxiliary files (HO)
)
("C:\Users\Jack\AppData\Local\Programs\MiKTeX 2.9\tex\latex\oberdiek\kvoptions.
sty"
Package: kvoptions 2016/05/16 v3.12 Key value format for package options (HO)
)
\@linkdim=\dimen115
\Hy@linkcounter=\count93
\Hy@pagecounter=\count94

("C:\Users\Jack\AppData\Local\Programs\MiKTeX 2.9\tex\latex\hyperref\pd1enc.def
"
File: pd1enc.def 2016/06/24 v6.83q Hyperref: PDFDocEncoding definition (HO)
)
\Hy@SavedSpaceFactor=\count95

("C:\Users\Jack\AppData\Local\Programs\MiKTeX 2.9\tex\latex\00miktex\hyperref.c
fg"
File: hyperref.cfg 2002/06/06 v1.2 hyperref configuration of TeXLive
)
Package hyperref Info: Hyper figures OFF on input line 4486.
Package hyperref Info: Link nesting OFF on input line 4491.
Package hyperref Info: Hyper index ON on input line 4494.
Package hyperref Info: Plain pages OFF on input line 4501.
Package hyperref Info: Backreferencing OFF on input line 4506.
Package hyperref Info: Implicit mode ON; LaTeX internals redefined.
Package hyperref Info: Bookmarks ON on input line 4735.
\c@Hy@tempcnt=\count96
 ("C:\Users\Jack\AppData\Local\Programs\MiKTeX 2.9\tex\latex\url\url.sty"
\Urlmuskip=\muskip10
Package: url 2013/09/16  ver 3.4  Verb mode for urls, etc.
)
LaTeX Info: Redefining \url on input line 5088.
\XeTeXLinkMargin=\dimen116
\Fld@menulength=\count97
\Field@Width=\dimen117
\Fld@charsize=\dimen118
Package hyperref Info: Hyper figures OFF on input line 6342.
Package hyperref Info: Link nesting OFF on input line 6347.
Package hyperref Info: Hyper index ON on input line 6350.
Package hyperref Info: backreferencing OFF on input line 6357.
Package hyperref Info: Link coloring OFF on input line 6362.
Package hyperref Info: Link coloring with OCG OFF on input line 6367.
Package hyperref Info: PDF/A mode OFF on input line 6372.
LaTeX Info: Redefining \ref on input line 6412.
LaTeX Info: Redefining \pageref on input line 6416.
\Hy@abspage=\count98
\c@Item=\count99
\c@Hfootnote=\count100
)

Package hyperref Message: Driver (autodetected): hpdftex.


("C:\Users\Jack\AppData\Local\Programs\MiKTeX 2.9\tex\latex\hyperref\hpdftex.de
f"
File: hpdftex.def 2016/06/24 v6.83q Hyperref driver for pdfTeX
\Fld@listcount=\count101
\c@bookmark@seq@number=\count102

("C:\Users\Jack\AppData\Local\Programs\MiKTeX 2.9\tex\latex\oberdiek\rerunfilec
heck.sty"
Package: rerunfilecheck 2016/05/16 v1.8 Rerun checks for auxiliary files (HO)
Package uniquecounter Info: New unique counter `rerunfilecheck' on input line 2
82.
)
\Hy@SectionHShift=\skip45
) (FinalDissoTex.aux

LaTeX Warning: Label `fig:sub1' multiply defined.


LaTeX Warning: Label `sub@fig:sub1' multiply defined.


LaTeX Warning: Label `fig:sub2' multiply defined.


LaTeX Warning: Label `sub@fig:sub2' multiply defined.


LaTeX Warning: Label `fig:test' multiply defined.


LaTeX Warning: Label `fig:h-refinementImp' multiply defined.


LaTeX Warning: Label `fig:h-refinementImp' multiply defined.


LaTeX Warning: Label `fig:h-refinementImp' multiply defined.


LaTeX Warning: Label `fig:sub1' multiply defined.


LaTeX Warning: Label `sub@fig:sub1' multiply defined.


LaTeX Warning: Label `fig:sub2' multiply defined.


LaTeX Warning: Label `sub@fig:sub2' multiply defined.


LaTeX Warning: Label `fig:test' multiply defined.


LaTeX Warning: Label `fig:sub1' multiply defined.


LaTeX Warning: Label `sub@fig:sub1' multiply defined.


LaTeX Warning: Label `fig:sub2' multiply defined.


LaTeX Warning: Label `sub@fig:sub2' multiply defined.


LaTeX Warning: Label `fig:test' multiply defined.


LaTeX Warning: Label `fig:sub1' multiply defined.


LaTeX Warning: Label `sub@fig:sub1' multiply defined.


LaTeX Warning: Label `fig:sub2' multiply defined.


LaTeX Warning: Label `sub@fig:sub2' multiply defined.


LaTeX Warning: Label `fig:test' multiply defined.

)
\openout1 = `FinalDissoTex.aux'.

LaTeX Font Info:    Checking defaults for OML/cmm/m/it on input line 35.
LaTeX Font Info:    ... okay on input line 35.
LaTeX Font Info:    Checking defaults for T1/cmr/m/n on input line 35.
LaTeX Font Info:    ... okay on input line 35.
LaTeX Font Info:    Checking defaults for OT1/cmr/m/n on input line 35.
LaTeX Font Info:    ... okay on input line 35.
LaTeX Font Info:    Checking defaults for OMS/cmsy/m/n on input line 35.
LaTeX Font Info:    ... okay on input line 35.
LaTeX Font Info:    Checking defaults for OMX/cmex/m/n on input line 35.
LaTeX Font Info:    ... okay on input line 35.
LaTeX Font Info:    Checking defaults for U/cmr/m/n on input line 35.
LaTeX Font Info:    ... okay on input line 35.
LaTeX Font Info:    Checking defaults for PD1/pdf/m/n on input line 35.
LaTeX Font Info:    ... okay on input line 35.

("C:\Users\Jack\AppData\Local\Programs\MiKTeX 2.9\tex\context\base\supp-pdf.mki
i"
[Loading MPS to PDF converter (version 2006.09.02).]
\scratchcounter=\count103
\scratchdimen=\dimen119
\scratchbox=\box28
\nofMPsegments=\count104
\nofMParguments=\count105
\everyMPshowfont=\toks17
\MPscratchCnt=\count106
\MPscratchDim=\dimen120
\MPnumerator=\count107
\makeMPintoPDFobject=\count108
\everyMPtoPDFconversion=\toks18
)
("C:\Users\Jack\AppData\Local\Programs\MiKTeX 2.9\tex\latex\oberdiek\epstopdf-b
ase.sty"
Package: epstopdf-base 2016/05/15 v2.6 Base part for package epstopdf

("C:\Users\Jack\AppData\Local\Programs\MiKTeX 2.9\tex\latex\oberdiek\grfext.sty
"
Package: grfext 2016/05/16 v1.2 Manage graphics extensions (HO)
)
Package epstopdf-base Info: Redefining graphics rule for `.eps' on input line 4
38.
Package grfext Info: Graphics extension search list:
(grfext)             [.png,.pdf,.jpg,.mps,.jpeg,.jbig2,.jb2,.PNG,.PDF,.JPG,.JPE
G,.JBIG2,.JB2,.eps]
(grfext)             \AppendGraphicsExtensions on input line 456.
)
LaTeX Info: Redefining \celsius on input line 35.
Package gensymb Info: Faking symbols for \degree and \celsius on input line 35.



Package gensymb Warning: Not defining \perthousand.

LaTeX Info: Redefining \ohm on input line 35.
Package gensymb Info: Using \Omega for \ohm on input line 35.

Package gensymb Warning: Not defining \micro.

Package caption Info: Begin \AtBeginDocument code.
Package caption Info: hyperref package is loaded.
Package caption Info: End \AtBeginDocument code.
\AtBeginShipoutBox=\box29
Package hyperref Info: Link coloring OFF on input line 35.

("C:\Users\Jack\AppData\Local\Programs\MiKTeX 2.9\tex\latex\hyperref\nameref.st
y"
Package: nameref 2016/05/21 v2.44 Cross-referencing by name of section

("C:\Users\Jack\AppData\Local\Programs\MiKTeX 2.9\tex\generic\oberdiek\gettitle
string.sty"
Package: gettitlestring 2016/05/16 v1.5 Cleanup title references (HO)
)
\c@section@level=\count109
)
LaTeX Info: Redefining \ref on input line 35.
LaTeX Info: Redefining \pageref on input line 35.
LaTeX Info: Redefining \nameref on input line 35.
 (FinalDissoTex.out) (FinalDissoTex.out)
\@outlinefile=\write4
\openout4 = `FinalDissoTex.out'.

LaTeX Font Info:    External font `cmex10' loaded for size
(Font)              <12> on input line 47.
LaTeX Font Info:    External font `cmex10' loaded for size
(Font)              <8> on input line 47.
LaTeX Font Info:    External font `cmex10' loaded for size
(Font)              <6> on input line 47.
 (FinalDissoTex.toc
LaTeX Font Info:    External font `cmex10' loaded for size
(Font)              <7> on input line 3.
LaTeX Font Info:    External font `cmex10' loaded for size
(Font)              <5> on input line 3.

[1

{C:/Users/Jack/AppData/Local/MiKTeX/2.9/pdftex/config/pdftex.map}])
\tf@toc=\write5
\openout5 = `FinalDissoTex.toc'.

 [2]
Underfull \hbox (badness 10000) in paragraph at lines 54--55

 []


Underfull \hbox (badness 10000) in paragraph at lines 56--58

 []


Underfull \hbox (badness 10000) in paragraph at lines 65--66

 []


Underfull \hbox (badness 10000) in paragraph at lines 69--70

 []


Underfull \hbox (badness 10000) in paragraph at lines 71--73

 []


Underfull \hbox (badness 10000) in paragraph at lines 74--76

 []


Underfull \hbox (badness 10000) in paragraph at lines 80--82

 []

[3]
Underfull \hbox (badness 10000) in paragraph at lines 83--85

 []

LaTeX Font Info:    Try loading font information for OMS+cmr on input line 90.
("C:\Users\Jack\AppData\Local\Programs\MiKTeX 2.9\tex\latex\base\omscmr.fd"
File: omscmr.fd 2014/09/29 v2.5h Standard LaTeX font definitions
)
LaTeX Font Info:    Font shape `OMS/cmr/m/n' in size <10> not available
(Font)              Font shape `OMS/cmsy/m/n' tried instead on input line 90.

Underfull \hbox (badness 10000) in paragraph at lines 101--103

 []


Underfull \hbox (badness 10000) in paragraph at lines 104--106

 []


Underfull \hbox (badness 10000) in paragraph at lines 107--109

 []


Underfull \hbox (badness 10000) in paragraph at lines 110--112

 []


Underfull \hbox (badness 10000) in paragraph at lines 113--115

 []

[4] <stressedCorner.png, id=354, 749.80125pt x 551.05875pt>
File: stressedCorner.png Graphic file (type png)

<use stressedCorner.png>
Package pdftex.def Info: stressedCorner.png used on input line 120.
(pdftex.def)             Requested size: 374.8997pt x 275.52869pt.

Underfull \hbox (badness 10000) in paragraph at lines 131--132

 []


Underfull \hbox (badness 10000) in paragraph at lines 133--136

 []


Underfull \hbox (badness 10000) in paragraph at lines 144--146

 []

[5 <./stressedCorner.png>]
Underfull \hbox (badness 10000) in paragraph at lines 147--149

 []


Underfull \hbox (badness 10000) in paragraph at lines 150--152

 []


Underfull \hbox (badness 10000) in paragraph at lines 153--155

 []


Underfull \hbox (badness 10000) in paragraph at lines 162--164

 []


Underfull \hbox (badness 10000) in paragraph at lines 165--167

 []


Underfull \hbox (badness 10000) in paragraph at lines 168--170

 []


Underfull \hbox (badness 10000) in paragraph at lines 172--174

 []

[6] <MeshQualityDeterioration.png, id=404, 1708.3825pt x 981.6675pt>
File: MeshQualityDeterioration.png Graphic file (type png)

<use MeshQualityDeterioration.png>
Package pdftex.def Info: MeshQualityDeterioration.png used on input line 176.
(pdftex.def)             Requested size: 1708.37836pt x 981.6651pt.

Underfull \hbox (badness 10000) in paragraph at lines 181--183

 []


Underfull \hbox (badness 10000) in paragraph at lines 195--196

 []

[7 <./MeshQualityDeterioration.png>]
Underfull \hbox (badness 10000) in paragraph at lines 197--199

 []


Underfull \hbox (badness 10000) in paragraph at lines 210--211

 []


Underfull \hbox (badness 10000) in paragraph at lines 212--214

 []

[8]
Underfull \hbox (badness 10000) in paragraph at lines 255--256

 []


Underfull \hbox (badness 10000) in paragraph at lines 257--259

 []

<SystemDesignDiagram.jpeg, id=439, 763.35187pt x 516.42938pt>
File: SystemDesignDiagram.jpeg Graphic file (type jpg)

<use SystemDesignDiagram.jpeg>
Package pdftex.def Info: SystemDesignDiagram.jpeg used on input line 274.
(pdftex.def)             Requested size: 763.35pt x 516.42812pt.
 [9] [10 <./SystemDesignDiagram.jpeg>]
Underfull \hbox (badness 10000) in paragraph at lines 311--312

 []

<DissoFEProto-Model.jpg, id=460, 606.01407pt x 574.39594pt>
File: DissoFEProto-Model.jpg Graphic file (type jpg)

<use DissoFEProto-Model.jpg>
Package pdftex.def Info: DissoFEProto-Model.jpg used on input line 320.
(pdftex.def)             Requested size: 211.3883pt x 200.35794pt.

<DissoFEProto-ElemNode.jpg, id=461, 831.85782pt x 604.50844pt>
File: DissoFEProto-ElemNode.jpg Graphic file (type jpg)

<use DissoFEProto-ElemNode.jpg>
Package pdftex.def Info: DissoFEProto-ElemNode.jpg used on input line 326.
(pdftex.def)             Requested size: 211.3883pt x 153.61722pt.


LaTeX Warning: `!h' float specifier changed to `!ht'.

<DissoFEProto-ModelAnalysis.jpg, id=462, 801.74532pt x 456.20438pt>
File: DissoFEProto-ModelAnalysis.jpg Graphic file (type jpg)

<use DissoFEProto-ModelAnalysis.jpg>
Package pdftex.def Info: DissoFEProto-ModelAnalysis.jpg used on input line 337.

(pdftex.def)             Requested size: 211.3883pt x 120.28099pt.

<DissoFEProto-MaterialProps.jpg, id=463, 621.82312pt x 316.93407pt>
File: DissoFEProto-MaterialProps.jpg Graphic file (type jpg)

<use DissoFEProto-MaterialProps.jpg>
Package pdftex.def Info: DissoFEProto-MaterialProps.jpg used on input line 343.

(pdftex.def)             Requested size: 211.3883pt x 107.74164pt.
 [11] [12 <./DissoFEProto-Model.jpg> <./DissoFEProto-ElemNode.jpg> <./DissoFEPr
oto-ModelAnalysis.jpg> <./DissoFEProto-MaterialProps.jpg>]
Underfull \hbox (badness 10000) in paragraph at lines 352--354

 []

<ElementHigerarchyDiagram2.png, id=475, 1194.3822pt x 941.4372pt>
File: ElementHigerarchyDiagram2.png Graphic file (type png)

<use ElementHigerarchyDiagram2.png>
Package pdftex.def Info: ElementHigerarchyDiagram2.png used on input line 356.
(pdftex.def)             Requested size: 1194.3793pt x 941.43489pt.

Underfull \hbox (badness 10000) in paragraph at lines 366--367

 []

[13

 <./ElementHigerarchyDiagram2.png>]
Underfull \hbox (badness 10000) in paragraph at lines 373--374

 []


Underfull \hbox (badness 10000) in paragraph at lines 378--379

 []


Underfull \hbox (badness 10000) in paragraph at lines 388--389

 []

[14]
Underfull \hbox (badness 10000) in paragraph at lines 390--392

 []


Underfull \hbox (badness 10000) in paragraph at lines 405--406

 []


LaTeX Warning: Citation `HandMeshing' on page 15 undefined on input line 409.


Underfull \hbox (badness 10000) in paragraph at lines 412--413

 []

[15]
Underfull \hbox (badness 10000) in paragraph at lines 414--416

 []


Underfull \hbox (badness 10000) in paragraph at lines 417--419

 []

<nodeLinking.png, id=499, 274.1442pt x 172.9662pt>
File: nodeLinking.png Graphic file (type png)
 <use nodeLinking.png>
Package pdftex.def Info: nodeLinking.png used on input line 422.
(pdftex.def)             Requested size: 274.14351pt x 172.96577pt.

[16 <./nodeLinking.png>]
Underfull \hbox (badness 10000) in paragraph at lines 440--442

 []


Underfull \hbox (badness 10000) in paragraph at lines 443--445

 []


Underfull \hbox (badness 10000) in paragraph at lines 448--450

 []

[17]
Underfull \hbox (badness 10000) in paragraph at lines 489--490

 []

[18]

LaTeX Warning: Citation `Dolsak91' on page 19 undefined on input line 530.


LaTeX Warning: Citation `SuspensionBridgeMeasurements' on page 19 undefined on 
input line 530.


Underfull \hbox (badness 10000) in paragraph at lines 535--537

 []

<BasicBridge.jpeg, id=518, 764.8575pt x 601.4972pt>
File: BasicBridge.jpeg Graphic file (type jpg)
 <use BasicBridge.jpeg>
Package pdftex.def Info: BasicBridge.jpeg used on input line 544.
(pdftex.def)             Requested size: 764.85562pt x 601.49573pt.

[19] [20 <./BasicBridge.jpeg>]

LaTeX Warning: Citation `CrosswindsOnSuspensionBridges' on page 21 undefined on
 input line 563.


Overfull \hbox (178.92601pt too wide) in paragraph at lines 570--572
\T1/cmr/m/n/10 cles or pedes-tri-ans. [][][][][][] 
 []


Underfull \hbox (badness 10000) in paragraph at lines 578--579

 []

<PaperMillDolsak.jpeg, id=530, 375.65344pt x 507.39563pt>
File: PaperMillDolsak.jpeg Graphic file (type jpg)

<use PaperMillDolsak.jpeg>
Package pdftex.def Info: PaperMillDolsak.jpeg used on input line 592.
(pdftex.def)             Requested size: 211.3883pt x 285.52547pt.

<PaperMillWithinLisa.jpeg, id=531, 678.28406pt x 530.73282pt>
File: PaperMillWithinLisa.jpeg Graphic file (type jpg)

<use PaperMillWithinLisa.jpeg>
Package pdftex.def Info: PaperMillWithinLisa.jpeg used on input line 598.
(pdftex.def)             Requested size: 211.3883pt x 165.40009pt.

<DolsakCylinderWithEdges.jpeg, id=532, 316.93407pt x 270.25969pt>
File: DolsakCylinderWithEdges.jpeg Graphic file (type jpg)

<use DolsakCylinderWithEdges.jpeg>
Package pdftex.def Info: DolsakCylinderWithEdges.jpeg used on input line 616.
(pdftex.def)             Requested size: 211.3883pt x 180.26065pt.

<DolsakCylinderMeshed.jpeg, id=535, 317.68687pt x 267.24844pt>
File: DolsakCylinderMeshed.jpeg Graphic file (type jpg)

<use DolsakCylinderMeshed.jpeg>
Package pdftex.def Info: DolsakCylinderMeshed.jpeg used on input line 622.
(pdftex.def)             Requested size: 211.3883pt x 177.83215pt.

<DolsakCylinderWithinLisa.jpeg, id=536, 581.92406pt x 444.15938pt>
File: DolsakCylinderWithinLisa.jpeg Graphic file (type jpg)

<use DolsakCylinderWithinLisa.jpeg>
Package pdftex.def Info: DolsakCylinderWithinLisa.jpeg used on input line 635.
(pdftex.def)             Requested size: 211.3883pt x 161.3408pt.
File: DolsakCylinderMeshed.jpeg Graphic file (type jpg)
 <use DolsakCylinderMeshed.jpeg>
Package pdftex.def Info: DolsakCylinderMeshed.jpeg used on input line 641.
(pdftex.def)             Requested size: 211.3883pt x 177.83215pt.
 [21]
[22 <./PaperMillDolsak.jpeg> <./PaperMillWithinLisa.jpeg> <./DolsakCylinderWith
Edges.jpeg> <./DolsakCylinderMeshed.jpeg>]
Underfull \hbox (badness 10000) in paragraph at lines 664--666

 []

[23 <./DolsakCylinderWithinLisa.jpeg>] [24]
Underfull \hbox (badness 10000) in paragraph at lines 728--729

 []


Underfull \hbox (badness 10000) in paragraph at lines 730--732

 []

LaTeX Font Info:    Try loading font information for T1+cmtt on input line 734.

("C:\Users\Jack\AppData\Local\Programs\MiKTeX 2.9\tex\latex\base\t1cmtt.fd"
File: t1cmtt.fd 2014/09/29 v2.5h Standard LaTeX font definitions
)

LaTeX Warning: Citation `LISAReference' on page 25 undefined on input line 734.


[25] <TimePlanUpdated2.png, id=565, 1187.93813pt x 397.485pt>
File: TimePlanUpdated2.png Graphic file (type png)

<use TimePlanUpdated2.png>
Package pdftex.def Info: TimePlanUpdated2.png used on input line 746.
(pdftex.def)             Requested size: 702.65382pt x 301.13344pt.

Overfull \hbox (14.08723pt too wide) in paragraph at lines 745--746
[]|  [] 
 []

[26

 <./TimePlanUpdated2.png>]
Underfull \hbox (badness 2302) in paragraph at lines 792--793
[]\T1/cmr/m/n/10 G. P. Nik-ishkov \T1/cmr/m/it/10 IN-TRO-DUC-TION TO THE FI-NIT
E EL-E-MENT METHOD []$\T1/cmtt/m/n/10 http : / /
 []


Underfull \hbox (badness 10000) in paragraph at lines 796--797
[]\T1/cmr/m/n/10 Nam-Ho Kim \T1/cmr/m/it/10 STRUC-TURAL DE-SIGN US-ING FI-NITE 
EL-E-MENTS
 []


Overfull \hbox (89.12645pt too wide) in paragraph at lines 801--802
[][]$\T1/cmtt/m/n/10 https : / / www . quora . com / What-[]is-[]the-[]cantilev
er-[]beam-[]What-[]is-[]the-[]advantages-[]and-[]disadvantages-[]of-[]it$[] 
 []

Package atveryend Info: Empty hook `BeforeClearDocument' on input line 819.
[27

]
Package atveryend Info: Empty hook `AfterLastShipout' on input line 819.
 (FinalDissoTex.aux)
Package atveryend Info: Executing hook `AtVeryEndDocument' on input line 819.
Package atveryend Info: Executing hook `AtEndAfterFileList' on input line 819.
Package rerunfilecheck Info: File `FinalDissoTex.out' has not changed.
(rerunfilecheck)             Checksum: FCFF711C0EA710B9128396861D241C7F;4745.


LaTeX Warning: There were undefined references.


LaTeX Warning: There were multiply-defined labels.

Package atveryend Info: Empty hook `AtVeryVeryEnd' on input line 819.
 ) 
Here is how much of TeX's memory you used:
 7641 strings out of 493334
 118008 string characters out of 3130654
 208806 words of memory out of 3000000
 10923 multiletter control sequences out of 15000+200000
 13530 words of font info for 33 fonts, out of 3000000 for 9000
 1141 hyphenation exceptions out of 8191
 42i,8n,43p,1126b,556s stack positions out of 5000i,500n,10000p,200000b,50000s
 <C:\Users\Jack\AppData\Local\MiKTeX\2.9\fonts\pk\ljfour\jknappen\ec\dpi600\e
ctt1000.pk> <C:\Users\Jack\AppData\Local\MiKTeX\2.9\fonts\pk\ljfour\jknappen\ec
\dpi600\ecrm0900.pk> <C:\Users\Jack\AppData\Local\MiKTeX\2.9\fonts\pk\ljfour\jk
nappen\ec\dpi600\ecti1000.pk> <C:\Users\Jack\AppData\Local\MiKTeX\2.9\fonts\pk\
ljfour\jknappen\ec\dpi600\ecbx1200.pk> <C:\Users\Jack\AppData\Local\MiKTeX\2.9\
fonts\pk\ljfour\jknappen\ec\dpi600\ecrm1000.pk> <C:\Users\Jack\AppData\Local\Mi
KTeX\2.9\fonts\pk\ljfour\jknappen\ec\dpi600\ecbx1000.pk> <C:\Users\Jack\AppData
\Local\MiKTeX\2.9\fonts\pk\ljfour\jknappen\ec\dpi600\ecbx1440.pk> <C:\Users\Jac
k\AppData\Local\MiKTeX\2.9\fonts\pk\ljfour\jknappen\ec\dpi600\ecrm1200.pk> <C:\
Users\Jack\AppData\Local\MiKTeX\2.9\fonts\pk\ljfour\jknappen\ec\dpi600\ecrm1728
.pk><C:/Users/Jack/AppData/Local/Programs/MiKTeX 2.9/fonts/type1/public/amsfont
s/cm/cmsy10.pfb><C:/Users/Jack/AppData/Local/Programs/MiKTeX 2.9/fonts/type1/pu
blic/amsfonts/cm/cmsy7.pfb>
Output written on FinalDissoTex.pdf (27 pages, 3119162 bytes).
PDF statistics:
 1099 PDF objects out of 1200 (max. 8388607)
 154 named destinations out of 1000 (max. 500000)
 569 words of extra memory for PDF output out of 10000 (max. 10000000)

