This is pdfTeX, Version 3.14159265-2.6-1.40.17 (MiKTeX 2.9 64-bit) (preloaded format=pdflatex 2016.10.17)  28 FEB 2017 13:07
entering extended mode
**./InterimReportTex.tex
(InterimReportTex.tex
LaTeX2e <2016/03/31> patch level 3
Babel <3.9r> and hyphenation patterns for 75 language(s) loaded.
("C:\Users\Jack\AppData\Local\Programs\MiKTeX 2.9\tex\latex\base\article.cls"
Document Class: article 2014/09/29 v1.4h Standard LaTeX document class
("C:\Users\Jack\AppData\Local\Programs\MiKTeX 2.9\tex\latex\base\size10.clo"
File: size10.clo 2014/09/29 v1.4h Standard LaTeX file (size option)
)
\c@part=\count79
\c@section=\count80
\c@subsection=\count81
\c@subsubsection=\count82
\c@paragraph=\count83
\c@subparagraph=\count84
\c@figure=\count85
\c@table=\count86
\abovecaptionskip=\skip41
\belowcaptionskip=\skip42
\bibindent=\dimen102
)
("C:\Users\Jack\AppData\Local\Programs\MiKTeX 2.9\tex\latex\comment\comment.sty
"
\CommentStream=\write3
 Excluding comment 'comment')
("C:\Users\Jack\AppData\Local\Programs\MiKTeX 2.9\tex\latex\preprint\fullpage.s
ty"
Package: fullpage 1999/02/23 1.1 (PWD)
\FP@margin=\skip43
)
("C:\Users\Jack\AppData\Local\Programs\MiKTeX 2.9\tex\latex\graphics\graphicx.s
ty"
Package: graphicx 2014/10/28 v1.0g Enhanced LaTeX Graphics (DPC,SPQR)

("C:\Users\Jack\AppData\Local\Programs\MiKTeX 2.9\tex\latex\graphics\keyval.sty
"
Package: keyval 2014/10/28 v1.15 key=value parser (DPC)
\KV@toks@=\toks14
)
("C:\Users\Jack\AppData\Local\Programs\MiKTeX 2.9\tex\latex\graphics\graphics.s
ty"
Package: graphics 2016/07/10 v1.0t Standard LaTeX Graphics (DPC,SPQR)

("C:\Users\Jack\AppData\Local\Programs\MiKTeX 2.9\tex\latex\graphics\trig.sty"
Package: trig 2016/01/03 v1.10 sin cos tan (DPC)
)
("C:\Users\Jack\AppData\Local\Programs\MiKTeX 2.9\tex\latex\00miktex\graphics.c
fg"
File: graphics.cfg 2016/06/04 v1.11 sample graphics configuration
)
Package graphics Info: Driver file: pdftex.def on input line 99.

("C:\Users\Jack\AppData\Local\Programs\MiKTeX 2.9\tex\latex\graphics-def\pdftex
.def"
File: pdftex.def 2016/07/10 v0.06j Graphics/color for pdfTeX

("C:\Users\Jack\AppData\Local\Programs\MiKTeX 2.9\tex\generic\oberdiek\infwarer
r.sty"
Package: infwarerr 2016/05/16 v1.4 Providing info/warning/error messages (HO)
)
("C:\Users\Jack\AppData\Local\Programs\MiKTeX 2.9\tex\generic\oberdiek\ltxcmds.
sty"
Package: ltxcmds 2016/05/16 v1.23 LaTeX kernel commands for general use (HO)
)
\Gread@gobject=\count87
))
\Gin@req@height=\dimen103
\Gin@req@width=\dimen104
)
("C:\Users\Jack\AppData\Local\Programs\MiKTeX 2.9\tex\latex\oberdiek\pdflscape.
sty"
Package: pdflscape 2016/05/14 v0.11 Display of landscape pages in PDF (HO)

("C:\Users\Jack\AppData\Local\Programs\MiKTeX 2.9\tex\latex\graphics\lscape.sty
"
Package: lscape 2000/10/22 v3.01 Landscape Pages (DPC)
)
("C:\Users\Jack\AppData\Local\Programs\MiKTeX 2.9\tex\generic\oberdiek\ifpdf.st
y"
Package: ifpdf 2016/05/14 v3.1 Provides the ifpdf switch
)
Package pdflscape Info: Auto-detected driver: pdftex on input line 81.

("C:\Users\Jack\AppData\Local\Programs\MiKTeX 2.9\tex\generic\ifxetex\ifxetex.s
ty"
Package: ifxetex 2010/09/12 v0.6 Provides ifxetex conditional
))
("C:\Users\Jack\AppData\Local\Programs\MiKTeX 2.9\tex\latex\wrapfig\wrapfig.sty
"
\wrapoverhang=\dimen105
\WF@size=\dimen106
\c@WF@wrappedlines=\count88
\WF@box=\box26
\WF@everypar=\toks15
Package: wrapfig 2003/01/31  v 3.6
) ("C:\Users\Jack\AppData\Local\Programs\MiKTeX 2.9\tex\latex\was\gensymb.sty"
Package: gensymb 2003/07/02 v1.0 (WaS)
)
("C:\Users\Jack\AppData\Local\Programs\MiKTeX 2.9\tex\latex\enumitem\enumitem.s
ty"
Package: enumitem 2011/09/28 v3.5.2 Customized lists
\labelindent=\skip44
\enit@outerparindent=\dimen107
\enit@toks=\toks16
\enit@inbox=\box27
\enitdp@description=\count89
)
("C:\Users\Jack\AppData\Local\Programs\MiKTeX 2.9\tex\latex\caption\subcaption.
sty"
Package: subcaption 2016/05/22 v1.1-161 Sub-captions (AR)

("C:\Users\Jack\AppData\Local\Programs\MiKTeX 2.9\tex\latex\caption\caption.sty
"
Package: caption 2016/02/21 v3.3-144 Customizing captions (AR)

("C:\Users\Jack\AppData\Local\Programs\MiKTeX 2.9\tex\latex\caption\caption3.st
y"
Package: caption3 2016/05/22 v1.7-166 caption3 kernel (AR)
Package caption3 Info: TeX engine: e-TeX on input line 67.
\captionmargin=\dimen108
\captionmargin@=\dimen109
\captionwidth=\dimen110
\caption@tempdima=\dimen111
\caption@indent=\dimen112
\caption@parindent=\dimen113
\caption@hangindent=\dimen114
)
\c@ContinuedFloat=\count90
Package caption Info: wrapfig package is loaded.
)
\c@subfigure=\count91
\c@subtable=\count92
)
("C:\Users\Jack\AppData\Local\Programs\MiKTeX 2.9\tex\latex\hyperref\hyperref.s
ty"
Package: hyperref 2016/06/24 v6.83q Hypertext links for LaTeX

("C:\Users\Jack\AppData\Local\Programs\MiKTeX 2.9\tex\generic\oberdiek\hobsub-h
yperref.sty"
Package: hobsub-hyperref 2016/05/16 v1.14 Bundle oberdiek, subset hyperref (HO)


("C:\Users\Jack\AppData\Local\Programs\MiKTeX 2.9\tex\generic\oberdiek\hobsub-g
eneric.sty"
Package: hobsub-generic 2016/05/16 v1.14 Bundle oberdiek, subset generic (HO)
Package: hobsub 2016/05/16 v1.14 Construct package bundles (HO)
Package hobsub Info: Skipping package `infwarerr' (already loaded).
Package hobsub Info: Skipping package `ltxcmds' (already loaded).
Package: ifluatex 2016/05/16 v1.4 Provides the ifluatex switch (HO)
Package ifluatex Info: LuaTeX not detected.
Package: ifvtex 2016/05/16 v1.6 Detect VTeX and its facilities (HO)
Package ifvtex Info: VTeX not detected.
Package: intcalc 2016/05/16 v1.2 Expandable calculations with integers (HO)
Package hobsub Info: Skipping package `ifpdf' (already loaded).
Package: etexcmds 2016/05/16 v1.6 Avoid name clashes with e-TeX commands (HO)
Package etexcmds Info: Could not find \expanded.
(etexcmds)             That can mean that you are not using pdfTeX 1.50 or
(etexcmds)             that some package has redefined \expanded.
(etexcmds)             In the latter case, load this package earlier.
Package: kvsetkeys 2016/05/16 v1.17 Key value parser (HO)
Package: kvdefinekeys 2016/05/16 v1.4 Define keys (HO)
Package: pdftexcmds 2016/05/21 v0.22 Utility functions of pdfTeX for LuaTeX (HO
)
Package pdftexcmds Info: LuaTeX not detected.
Package pdftexcmds Info: \pdf@primitive is available.
Package pdftexcmds Info: \pdf@ifprimitive is available.
Package pdftexcmds Info: \pdfdraftmode found.
Package: pdfescape 2016/05/16 v1.14 Implements pdfTeX's escape features (HO)
Package: bigintcalc 2016/05/16 v1.4 Expandable calculations on big integers (HO
)
Package: bitset 2016/05/16 v1.2 Handle bit-vector datatype (HO)
Package: uniquecounter 2016/05/16 v1.3 Provide unlimited unique counter (HO)
)
Package hobsub Info: Skipping package `hobsub' (already loaded).
Package: letltxmacro 2016/05/16 v1.5 Let assignment for LaTeX macros (HO)
Package: hopatch 2016/05/16 v1.3 Wrapper for package hooks (HO)
Package: xcolor-patch 2016/05/16 xcolor patch
Package: atveryend 2016/05/16 v1.9 Hooks at the very end of document (HO)
Package atveryend Info: \enddocument detected (standard20110627).
Package: atbegshi 2016/06/09 v1.18 At begin shipout hook (HO)
Package: refcount 2016/05/16 v3.5 Data extraction from label references (HO)
Package: hycolor 2016/05/16 v1.8 Color options for hyperref/bookmark (HO)
)
("C:\Users\Jack\AppData\Local\Programs\MiKTeX 2.9\tex\latex\oberdiek\auxhook.st
y"
Package: auxhook 2016/05/16 v1.4 Hooks for auxiliary files (HO)
)
("C:\Users\Jack\AppData\Local\Programs\MiKTeX 2.9\tex\latex\oberdiek\kvoptions.
sty"
Package: kvoptions 2016/05/16 v3.12 Key value format for package options (HO)
)
\@linkdim=\dimen115
\Hy@linkcounter=\count93
\Hy@pagecounter=\count94

("C:\Users\Jack\AppData\Local\Programs\MiKTeX 2.9\tex\latex\hyperref\pd1enc.def
"
File: pd1enc.def 2016/06/24 v6.83q Hyperref: PDFDocEncoding definition (HO)
)
\Hy@SavedSpaceFactor=\count95

("C:\Users\Jack\AppData\Local\Programs\MiKTeX 2.9\tex\latex\00miktex\hyperref.c
fg"
File: hyperref.cfg 2002/06/06 v1.2 hyperref configuration of TeXLive
)
Package hyperref Info: Hyper figures OFF on input line 4486.
Package hyperref Info: Link nesting OFF on input line 4491.
Package hyperref Info: Hyper index ON on input line 4494.
Package hyperref Info: Plain pages OFF on input line 4501.
Package hyperref Info: Backreferencing OFF on input line 4506.
Package hyperref Info: Implicit mode ON; LaTeX internals redefined.
Package hyperref Info: Bookmarks ON on input line 4735.
\c@Hy@tempcnt=\count96
 ("C:\Users\Jack\AppData\Local\Programs\MiKTeX 2.9\tex\latex\url\url.sty"
\Urlmuskip=\muskip10
Package: url 2013/09/16  ver 3.4  Verb mode for urls, etc.
)
LaTeX Info: Redefining \url on input line 5088.
\XeTeXLinkMargin=\dimen116
\Fld@menulength=\count97
\Field@Width=\dimen117
\Fld@charsize=\dimen118
Package hyperref Info: Hyper figures OFF on input line 6342.
Package hyperref Info: Link nesting OFF on input line 6347.
Package hyperref Info: Hyper index ON on input line 6350.
Package hyperref Info: backreferencing OFF on input line 6357.
Package hyperref Info: Link coloring OFF on input line 6362.
Package hyperref Info: Link coloring with OCG OFF on input line 6367.
Package hyperref Info: PDF/A mode OFF on input line 6372.
LaTeX Info: Redefining \ref on input line 6412.
LaTeX Info: Redefining \pageref on input line 6416.
\Hy@abspage=\count98
\c@Item=\count99
\c@Hfootnote=\count100
)

Package hyperref Message: Driver (autodetected): hpdftex.


("C:\Users\Jack\AppData\Local\Programs\MiKTeX 2.9\tex\latex\hyperref\hpdftex.de
f"
File: hpdftex.def 2016/06/24 v6.83q Hyperref driver for pdfTeX
\Fld@listcount=\count101
\c@bookmark@seq@number=\count102

("C:\Users\Jack\AppData\Local\Programs\MiKTeX 2.9\tex\latex\oberdiek\rerunfilec
heck.sty"
Package: rerunfilecheck 2016/05/16 v1.8 Rerun checks for auxiliary files (HO)
Package uniquecounter Info: New unique counter `rerunfilecheck' on input line 2
82.
)
\Hy@SectionHShift=\skip45
) (InterimReportTex.aux

LaTeX Warning: Label `fig:sub1' multiply defined.


LaTeX Warning: Label `sub@fig:sub1' multiply defined.


LaTeX Warning: Label `fig:sub2' multiply defined.


LaTeX Warning: Label `sub@fig:sub2' multiply defined.


LaTeX Warning: Label `fig:test' multiply defined.


LaTeX Warning: Label `fig:h-refinementImp' multiply defined.

)
\openout1 = `InterimReportTex.aux'.

LaTeX Font Info:    Checking defaults for OML/cmm/m/it on input line 30.
LaTeX Font Info:    ... okay on input line 30.
LaTeX Font Info:    Checking defaults for T1/cmr/m/n on input line 30.
LaTeX Font Info:    ... okay on input line 30.
LaTeX Font Info:    Checking defaults for OT1/cmr/m/n on input line 30.
LaTeX Font Info:    ... okay on input line 30.
LaTeX Font Info:    Checking defaults for OMS/cmsy/m/n on input line 30.
LaTeX Font Info:    ... okay on input line 30.
LaTeX Font Info:    Checking defaults for OMX/cmex/m/n on input line 30.
LaTeX Font Info:    ... okay on input line 30.
LaTeX Font Info:    Checking defaults for U/cmr/m/n on input line 30.
LaTeX Font Info:    ... okay on input line 30.
LaTeX Font Info:    Checking defaults for PD1/pdf/m/n on input line 30.
LaTeX Font Info:    ... okay on input line 30.

("C:\Users\Jack\AppData\Local\Programs\MiKTeX 2.9\tex\context\base\supp-pdf.mki
i"
[Loading MPS to PDF converter (version 2006.09.02).]
\scratchcounter=\count103
\scratchdimen=\dimen119
\scratchbox=\box28
\nofMPsegments=\count104
\nofMParguments=\count105
\everyMPshowfont=\toks17
\MPscratchCnt=\count106
\MPscratchDim=\dimen120
\MPnumerator=\count107
\makeMPintoPDFobject=\count108
\everyMPtoPDFconversion=\toks18
)
("C:\Users\Jack\AppData\Local\Programs\MiKTeX 2.9\tex\latex\oberdiek\epstopdf-b
ase.sty"
Package: epstopdf-base 2016/05/15 v2.6 Base part for package epstopdf

("C:\Users\Jack\AppData\Local\Programs\MiKTeX 2.9\tex\latex\oberdiek\grfext.sty
"
Package: grfext 2016/05/16 v1.2 Manage graphics extensions (HO)
)
Package epstopdf-base Info: Redefining graphics rule for `.eps' on input line 4
38.
Package grfext Info: Graphics extension search list:
(grfext)             [.png,.pdf,.jpg,.mps,.jpeg,.jbig2,.jb2,.PNG,.PDF,.JPG,.JPE
G,.JBIG2,.JB2,.eps]
(grfext)             \AppendGraphicsExtensions on input line 456.
)
LaTeX Info: Redefining \celsius on input line 30.
Package gensymb Info: Faking symbols for \degree and \celsius on input line 30.



Package gensymb Warning: Not defining \perthousand.

LaTeX Info: Redefining \ohm on input line 30.
Package gensymb Info: Using \Omega for \ohm on input line 30.

Package gensymb Warning: Not defining \micro.

Package caption Info: Begin \AtBeginDocument code.
Package caption Info: hyperref package is loaded.
Package caption Info: End \AtBeginDocument code.
\AtBeginShipoutBox=\box29
Package hyperref Info: Link coloring OFF on input line 30.

("C:\Users\Jack\AppData\Local\Programs\MiKTeX 2.9\tex\latex\hyperref\nameref.st
y"
Package: nameref 2016/05/21 v2.44 Cross-referencing by name of section

("C:\Users\Jack\AppData\Local\Programs\MiKTeX 2.9\tex\generic\oberdiek\gettitle
string.sty"
Package: gettitlestring 2016/05/16 v1.5 Cleanup title references (HO)
)
\c@section@level=\count109
)
LaTeX Info: Redefining \ref on input line 30.
LaTeX Info: Redefining \pageref on input line 30.
LaTeX Info: Redefining \nameref on input line 30.
 (InterimReportTex.out) (InterimReportTex.out)
\@outlinefile=\write4
\openout4 = `InterimReportTex.out'.

LaTeX Font Info:    External font `cmex10' loaded for size
(Font)              <12> on input line 42.
LaTeX Font Info:    External font `cmex10' loaded for size
(Font)              <8> on input line 42.
LaTeX Font Info:    External font `cmex10' loaded for size
(Font)              <6> on input line 42.

(InterimReportTex.toc
LaTeX Font Info:    External font `cmex10' loaded for size
(Font)              <7> on input line 4.
LaTeX Font Info:    External font `cmex10' loaded for size
(Font)              <5> on input line 4.
)
\tf@toc=\write5
\openout5 = `InterimReportTex.toc'.

 [1

{C:/Users/Jack/AppData/Local/MiKTeX/2.9/pdftex/config/pdftex.map}]
Underfull \hbox (badness 10000) in paragraph at lines 49--50

 []


Underfull \hbox (badness 10000) in paragraph at lines 51--53

 []


Underfull \hbox (badness 10000) in paragraph at lines 60--61

 []


Underfull \hbox (badness 10000) in paragraph at lines 62--64

 []


Underfull \hbox (badness 10000) in paragraph at lines 65--67

 []


Underfull \hbox (badness 10000) in paragraph at lines 68--70

 []


Underfull \hbox (badness 10000) in paragraph at lines 71--73

 []

[2]
Underfull \hbox (badness 10000) in paragraph at lines 74--76

 []

<stressedCorner.png, id=174, 749.80125pt x 551.05875pt>
File: stressedCorner.png Graphic file (type png)

<use stressedCorner.png>
Package pdftex.def Info: stressedCorner.png used on input line 81.
(pdftex.def)             Requested size: 374.8997pt x 275.52869pt.

Underfull \hbox (badness 10000) in paragraph at lines 92--93

 []


Underfull \hbox (badness 10000) in paragraph at lines 94--97

 []

[3 <./stressedCorner.png>]
Underfull \hbox (badness 10000) in paragraph at lines 105--107

 []


Underfull \hbox (badness 10000) in paragraph at lines 108--110

 []


Underfull \hbox (badness 10000) in paragraph at lines 111--113

 []


Underfull \hbox (badness 10000) in paragraph at lines 114--116

 []

LaTeX Font Info:    Try loading font information for OMS+cmr on input line 118.

("C:\Users\Jack\AppData\Local\Programs\MiKTeX 2.9\tex\latex\base\omscmr.fd"
File: omscmr.fd 2014/09/29 v2.5h Standard LaTeX font definitions
)
LaTeX Font Info:    Font shape `OMS/cmr/m/n' in size <10> not available
(Font)              Font shape `OMS/cmsy/m/n' tried instead on input line 118.

Underfull \hbox (badness 10000) in paragraph at lines 123--125

 []


Underfull \hbox (badness 10000) in paragraph at lines 126--128

 []


Underfull \hbox (badness 10000) in paragraph at lines 130--132

 []

[4]
Underfull \hbox (badness 10000) in paragraph at lines 134--136

 []

<MeshQualityDeterioration.png, id=225, 1708.3825pt x 981.6675pt>
File: MeshQualityDeterioration.png Graphic file (type png)

<use MeshQualityDeterioration.png>
Package pdftex.def Info: MeshQualityDeterioration.png used on input line 138.
(pdftex.def)             Requested size: 1708.37836pt x 981.6651pt.

Underfull \hbox (badness 10000) in paragraph at lines 143--145

 []

Missing character: There is no â in font cmr10!
Missing character: There is no € in font cmr10!
Missing character: There is no “ in font cmr10!

Underfull \hbox (badness 10000) in paragraph at lines 157--158

 []

[5 <./MeshQualityDeterioration.png>]
Underfull \hbox (badness 10000) in paragraph at lines 159--161

 []


Underfull \hbox (badness 10000) in paragraph at lines 172--173

 []


Underfull \hbox (badness 10000) in paragraph at lines 174--176

 []

Missing character: There is no â in font cmr10!
Missing character: There is no € in font cmr10!
Missing character: There is no ™ in font cmr10!
Missing character: There is no â in font cmr10!
Missing character: There is no € in font cmr10!
Missing character: There is no ™ in font cmr10!
Missing character: There is no â in font cmr10!
Missing character: There is no € in font cmr10!
Missing character: There is no ™ in font cmr10!
[6]
Underfull \hbox (badness 10000) in paragraph at lines 217--218

 []


Underfull \hbox (badness 10000) in paragraph at lines 219--221

 []

<SystemDesignDiagram.jpeg, id=256, 763.35187pt x 516.42938pt>
File: SystemDesignDiagram.jpeg Graphic file (type jpg)

<use SystemDesignDiagram.jpeg>
Package pdftex.def Info: SystemDesignDiagram.jpeg used on input line 230.
(pdftex.def)             Requested size: 763.35pt x 516.42812pt.


LaTeX Warning: `!h' float specifier changed to `!ht'.

[7]
Underfull \hbox (badness 10000) in paragraph at lines 241--242

 []


Underfull \hbox (badness 10000) in paragraph at lines 248--249

 []

[8 <./SystemDesignDiagram.jpeg>]
Underfull \hbox (badness 10000) in paragraph at lines 250--252

 []

Missing character: There is no â in font cmr10!
Missing character: There is no € in font cmr10!
Missing character: There is no ™ in font cmr10!
<DissoFEProto-Model.jpg, id=285, 606.01407pt x 574.39594pt>
File: DissoFEProto-Model.jpg Graphic file (type jpg)

<use DissoFEProto-Model.jpg>
Package pdftex.def Info: DissoFEProto-Model.jpg used on input line 275.
(pdftex.def)             Requested size: 211.3883pt x 200.35794pt.

<DissoFEProto-ElemNode.jpg, id=286, 831.85782pt x 604.50844pt>
File: DissoFEProto-ElemNode.jpg Graphic file (type jpg)

<use DissoFEProto-ElemNode.jpg>
Package pdftex.def Info: DissoFEProto-ElemNode.jpg used on input line 281.
(pdftex.def)             Requested size: 211.3883pt x 153.61722pt.


LaTeX Warning: `!h' float specifier changed to `!ht'.

<DissoFEProto-ModelAnalysis.jpg, id=287, 801.74532pt x 456.20438pt>
File: DissoFEProto-ModelAnalysis.jpg Graphic file (type jpg)

<use DissoFEProto-ModelAnalysis.jpg>
Package pdftex.def Info: DissoFEProto-ModelAnalysis.jpg used on input line 292.

(pdftex.def)             Requested size: 211.3883pt x 120.28099pt.

<DissoFEProto-MaterialProps.jpg, id=288, 621.82312pt x 316.93407pt>
File: DissoFEProto-MaterialProps.jpg Graphic file (type jpg)

<use DissoFEProto-MaterialProps.jpg>
Package pdftex.def Info: DissoFEProto-MaterialProps.jpg used on input line 298.

(pdftex.def)             Requested size: 211.3883pt x 107.74164pt.
 [9]
Underfull \hbox (badness 10000) in paragraph at lines 308--309

 []

<H-refinementImplementation.jpg, id=302, 686.565pt x 160.34906pt>
File: H-refinementImplementation.jpg Graphic file (type jpg)

<use H-refinementImplementation.jpg>
Package pdftex.def Info: H-refinementImplementation.jpg used on input line 311.

(pdftex.def)             Requested size: 686.56332pt x 160.34866pt.


LaTeX Warning: `!h' float specifier changed to `!ht'.

[10 <./DissoFEProto-Model.jpg> <./DissoFEProto-ElemNode.jpg> <./DissoFEProto-Mo
delAnalysis.jpg> <./DissoFEProto-MaterialProps.jpg>] [11 <./H-refinementImpleme
ntation.jpg>]
Underfull \hbox (badness 10000) in paragraph at lines 347--349

 []

[12] [13] <TimePlanUpdated2.png, id=352, 1187.93813pt x 397.485pt>
File: TimePlanUpdated2.png Graphic file (type png)

<use TimePlanUpdated2.png>
Package pdftex.def Info: TimePlanUpdated2.png used on input line 386.
(pdftex.def)             Requested size: 702.65382pt x 301.13344pt.

Overfull \hbox (14.08777pt too wide) in paragraph at lines 385--386
[]|  [] 
 []

[14

 <./TimePlanUpdated2.png>]
Missing character: There is no Å in font cmr10!
Missing character: There is no   in font cmr10!
Missing character: There is no â in font cmr10!
Missing character: There is no € in font cmr10!
Missing character: There is no “ in font cmr10!

Underfull \hbox (badness 2285) in paragraph at lines 432--433
[]\OT1/cmr/m/n/10 G. P. Nik-ishkov \OT1/cmr/m/it/10 IN-TRO-DUC-TION TO THE FI-N
ITE EL-E-MENT METHOD []$\OT1/cmtt/m/n/10 http : / /
 []


Underfull \hbox (badness 10000) in paragraph at lines 436--437
[]\OT1/cmr/m/n/10 Nam-Ho Kim \OT1/cmr/m/it/10 STRUC-TURAL DE-SIGN US-ING FI-NIT
E EL-E-MENTS
 []


Overfull \hbox (89.24895pt too wide) in paragraph at lines 441--442
[][]$\OT1/cmtt/m/n/10 https : / / www . quora . com / What-[]is-[]the-[]cantile
ver-[]beam-[]What-[]is-[]the-[]advantages-[]and-[]disadvantages-[]of-[]it$[] 
 []

Package atveryend Info: Empty hook `BeforeClearDocument' on input line 457.
[15

]
Package atveryend Info: Empty hook `AfterLastShipout' on input line 457.
 (InterimReportTex.aux)
Package atveryend Info: Executing hook `AtVeryEndDocument' on input line 457.
Package atveryend Info: Executing hook `AtEndAfterFileList' on input line 457.
Package rerunfilecheck Info: File `InterimReportTex.out' has not changed.
(rerunfilecheck)             Checksum: 6AFB52BF9DD480B229B053C58C9294B6;1797.


LaTeX Warning: There were multiply-defined labels.

Package atveryend Info: Empty hook `AtVeryVeryEnd' on input line 457.
 ) 
Here is how much of TeX's memory you used:
 6892 strings out of 493334
 108535 string characters out of 3130654
 198919 words of memory out of 3000000
 10226 multiletter control sequences out of 15000+200000
 8708 words of font info for 31 fonts, out of 3000000 for 9000
 1141 hyphenation exceptions out of 8191
 42i,8n,43p,1118b,549s stack positions out of 5000i,500n,10000p,200000b,50000s
<C:/Users/Jack/AppData/Local/Programs/MiKTeX 2.9/fonts/type1/public/amsfonts/
cm/cmbx10.pfb><C:/Users/Jack/AppData/Local/Programs/MiKTeX 2.9/fonts/type1/publ
ic/amsfonts/cm/cmbx12.pfb><C:/Users/Jack/AppData/Local/Programs/MiKTeX 2.9/font
s/type1/public/amsfonts/cm/cmr10.pfb><C:/Users/Jack/AppData/Local/Programs/MiKT
eX 2.9/fonts/type1/public/amsfonts/cm/cmr12.pfb><C:/Users/Jack/AppData/Local/Pr
ograms/MiKTeX 2.9/fonts/type1/public/amsfonts/cm/cmr17.pfb><C:/Users/Jack/AppDa
ta/Local/Programs/MiKTeX 2.9/fonts/type1/public/amsfonts/cm/cmr9.pfb><C:/Users/
Jack/AppData/Local/Programs/MiKTeX 2.9/fonts/type1/public/amsfonts/cm/cmsy10.pf
b><C:/Users/Jack/AppData/Local/Programs/MiKTeX 2.9/fonts/type1/public/amsfonts/
cm/cmsy7.pfb><C:/Users/Jack/AppData/Local/Programs/MiKTeX 2.9/fonts/type1/publi
c/amsfonts/cm/cmti10.pfb><C:/Users/Jack/AppData/Local/Programs/MiKTeX 2.9/fonts
/type1/public/amsfonts/cm/cmtt10.pfb>
Output written on InterimReportTex.pdf (15 pages, 1188204 bytes).
PDF statistics:
 445 PDF objects out of 1000 (max. 8388607)
 127 named destinations out of 1000 (max. 500000)
 262 words of extra memory for PDF output out of 10000 (max. 10000000)

